-- The C compiler identification is GNU 13.3.0
-- The CXX compiler identification is GNU 13.3.0
-- Detecting C compiler ABI info
-- Detecting C compiler ABI info - done
-- Check for working C compiler: /usr/bin/cc - skipped
-- Detecting C compile features
-- Detecting C compile features - done
-- Detecting CXX compiler ABI info
-- Detecting CXX compiler ABI info - done
-- Check for working CXX compiler: /usr/bin/c++ - skipped
-- Detecting CXX compile features
-- Detecting CXX compile features - done
-- Found ament_cmake: 2.5.3 (/opt/ros/jazzy/share/ament_cmake/cmake)
-- Found Python3: /home/dmontiel/miniconda3/bin/python3 (found version "3.12.9") found components: Interpreter 
-- Override CMake install command with custom implementation using symlinks instead of copying resources
-- Found xacro: 2.0.13 (/opt/ros/jazzy/share/xacro/cmake)
-- Found robot_state_publisher: 3.3.3 (/opt/ros/jazzy/share/robot_state_publisher/cmake)
-- Found rosidl_generator_c: 4.6.5 (/opt/ros/jazzy/share/rosidl_generator_c/cmake)
-- Found rosidl_generator_cpp: 4.6.5 (/opt/ros/jazzy/share/rosidl_generator_cpp/cmake)
-- Using all available rosidl_typesupport_c: rosidl_typesupport_fastrtps_c;rosidl_typesupport_introspection_c
-- Using all available rosidl_typesupport_cpp: rosidl_typesupport_fastrtps_cpp;rosidl_typesupport_introspection_cpp
-- Found rmw_implementation_cmake: 7.3.1 (/opt/ros/jazzy/share/rmw_implementation_cmake/cmake)
-- Found rmw_fastrtps_cpp: 8.4.1 (/opt/ros/jazzy/share/rmw_fastrtps_cpp/cmake)
-- Found OpenSSL: /usr/lib/x86_64-linux-gnu/libcrypto.so (found version "3.0.13")  
-- Found FastRTPS: /opt/ros/jazzy/include (Required is at least version "2.13") 
-- Using RMW implementation 'rmw_fastrtps_cpp' as default
-- Found controller_manager: 4.28.1 (/opt/ros/jazzy/share/controller_manager/cmake)
-- Found rviz2: 14.1.10 (/opt/ros/jazzy/share/rviz2/cmake)
-- Found rviz_common: 14.1.10 (/opt/ros/jazzy/share/rviz_common/cmake)
-- Setting OGRE_DIR to: '/opt/ros/jazzy/share/rviz_ogre_vendor/cmake/../../../opt/rviz_ogre_vendor/lib/OGRE/cmake'
-- Found OGRE
--   static     : OFF
--   components : MeshLodGenerator;Overlay;Paging;Property;RTShaderSystem;Terrain;Volume
--   plugins    : Plugin_BSPSceneManager;Plugin_OctreeSceneManager;Plugin_PCZSceneManager;Plugin_ParticleFX;RenderSystem_GL;RenderSystem_GL3Plus;Codec_STBI
--   media      : /opt/ros/jazzy/opt/rviz_ogre_vendor/share/OGRE/Media
-- OGRE_LIBRARIES: OgreMeshLodGenerator;OgreOverlay;OgrePaging;OgreProperty;OgreRTShaderSystem;OgreTerrain;OgreVolume;OgreMain
-- OGRE_LIBRARY_DIRS: /opt/ros/jazzy/opt/rviz_ogre_vendor/lib
-- OGRE_PLUGINS: Plugin_BSPSceneManager;Plugin_OctreeSceneManager;Plugin_PCZSceneManager;Plugin_ParticleFX;RenderSystem_GL;RenderSystem_GL3Plus;Codec_STBI
-- OGRE_PLUGIN_DIR: /opt/ros/jazzy/opt/rviz_ogre_vendor/lib/OGRE
-- rviz_ogre_vendor::OgreOverlay for IMPORTED_LOCATION_RELEASE: /opt/ros/jazzy/opt/rviz_ogre_vendor/lib/libOgreOverlay.so
-- rviz_ogre_vendor::OgreOverlay for IMPORTED_LOCATION_DEBUG: /opt/ros/jazzy/opt/rviz_ogre_vendor/lib/libOgreOverlay.so
-- rviz_ogre_vendor::OgreMain for IMPORTED_LOCATION_RELEASE: /opt/ros/jazzy/opt/rviz_ogre_vendor/lib/libOgreMain.so
-- rviz_ogre_vendor::OgreMain for IMPORTED_LOCATION_DEBUG: /opt/ros/jazzy/opt/rviz_ogre_vendor/lib/libOgreMain.so
-- Found ZLIB: /usr/lib/x86_64-linux-gnu/libz.so (found version "1.3")  
-- Found OpenGL: /usr/lib/x86_64-linux-gnu/libOpenGL.so   
-- Found X11: /usr/include   
-- Looking for XOpenDisplay in /usr/lib/x86_64-linux-gnu/libX11.so;/usr/lib/x86_64-linux-gnu/libXext.so
-- Looking for XOpenDisplay in /usr/lib/x86_64-linux-gnu/libX11.so;/usr/lib/x86_64-linux-gnu/libXext.so - found
-- Looking for gethostbyname
-- Looking for gethostbyname - found
-- Looking for connect
-- Looking for connect - found
-- Looking for remove
-- Looking for remove - found
-- Looking for shmat
-- Looking for shmat - found
-- Looking for IceConnectionNumber in ICE
-- Looking for IceConnectionNumber in ICE - found
-- Setting yaml-cpp_DIR to: '/opt/ros/jazzy/share/yaml_cpp_vendor/cmake/../../../opt/yaml_cpp_vendor/share/cmake/yaml-cpp'
-- Found moveit_ros_move_group: 2.12.2 (/opt/ros/jazzy/share/moveit_ros_move_group/cmake)
-- Found Boost: /usr/lib/x86_64-linux-gnu/cmake/Boost-1.83.0/BoostConfig.cmake (found version "1.83.0") found components: system filesystem date_time program_options thread 
-- Found Boost: /usr/lib/x86_64-linux-gnu/cmake/Boost-1.83.0/BoostConfig.cmake (found version "1.83.0") found components: chrono date_time filesystem iostreams program_options regex serialization system thread 
-- Found Boost: /usr/lib/x86_64-linux-gnu/cmake/Boost-1.83.0/BoostConfig.cmake (found version "1.83.0") found components: filesystem 
-- Found Eigen3: TRUE (found version "3.4.0") 
-- Ensuring Eigen3 include directory is part of orocos-kdl CMake target
-- Found Boost: /usr/lib/x86_64-linux-gnu/cmake/Boost-1.83.0/BoostConfig.cmake (found version "1.83.0") found components: system filesystem date_time program_options thread chrono 
-- Found moveit_kinematics: 2.12.2 (/opt/ros/jazzy/share/moveit_kinematics/cmake)
-- Found Boost: /usr/lib/x86_64-linux-gnu/cmake/Boost-1.83.0/BoostConfig.cmake (found version "1.83.0") found components: program_options system 
-- Found moveit_planners: 2.12.2 (/opt/ros/jazzy/share/moveit_planners/cmake)
-- Found moveit_simple_controller_manager: 2.12.2 (/opt/ros/jazzy/share/moveit_simple_controller_manager/cmake)
-- Found Boost: /usr/lib/x86_64-linux-gnu/cmake/Boost-1.83.0/BoostConfig.cmake (found version "1.83.0") found components: thread 
-- Found moveit_ros_visualization: 2.12.3 (/opt/ros/jazzy/share/moveit_ros_visualization/cmake)
-- Found Boost: /usr/lib/x86_64-linux-gnu/cmake/Boost-1.83.0/BoostConfig.cmake (found version "1.83.0") found components: thread date_time system filesystem 
-- Found Boost: /usr/lib/x86_64-linux-gnu/cmake/Boost-1.83.0/BoostConfig.cmake (found version "1.83.0") found components: date_time filesystem program_options system thread 
-- Found Boost: /usr/lib/x86_64-linux-gnu/cmake/Boost-1.83.0/BoostConfig.cmake (found version "1.83.0") found components: thread system filesystem regex date_time program_options 
-- Found moveit_setup_assistant: 2.12.3 (/opt/ros/jazzy/share/moveit_setup_assistant/cmake)
-- Configuring done (6.9s)
-- Generating done (0.0s)
-- Build files have been written to: /home/dmontiel/Desktop/Uni/Modelado/p3/rover_ws/build/msr_robot
-- Install configuration: ""
-- Execute custom install script
-- Symlinking: /home/dmontiel/Desktop/Uni/Modelado/p3/rover_ws/install/msr_robot/share/msr_robot/urdf/arm/gripper.urdf.xacro
-- Symlinking: /home/dmontiel/Desktop/Uni/Modelado/p3/rover_ws/install/msr_robot/share/msr_robot/urdf/arm/scara.urdf.xacro
-- Symlinking: /home/dmontiel/Desktop/Uni/Modelado/p3/rover_ws/install/msr_robot/share/msr_robot/urdf/base/rover_base.urdf.xacro
-- Symlinking: /home/dmontiel/Desktop/Uni/Modelado/p3/rover_ws/install/msr_robot/share/msr_robot/urdf/ros2_control.urdf.xacro
-- Symlinking: /home/dmontiel/Desktop/Uni/Modelado/p3/rover_ws/install/msr_robot/share/msr_robot/urdf/sensors/camera.urdf.xacro
-- Symlinking: /home/dmontiel/Desktop/Uni/Modelado/p3/rover_ws/install/msr_robot/share/msr_robot/urdf/sensors/imu_sensor.urdf.xacro
-- Symlinking: /home/dmontiel/Desktop/Uni/Modelado/p3/rover_ws/install/msr_robot/share/msr_robot/urdf/utils/utils.urdf.xacro
-- Symlinking: /home/dmontiel/Desktop/Uni/Modelado/p3/rover_ws/install/msr_robot/share/msr_robot/urdf/wheels/rover_wheel.urdf.xacro
-- Symlinking: /home/dmontiel/Desktop/Uni/Modelado/p3/rover_ws/install/msr_robot/share/msr_robot/launch/robot_controllers.launch.py
-- Symlinking: /home/dmontiel/Desktop/Uni/Modelado/p3/rover_ws/install/msr_robot/share/msr_robot/launch/robot_gazebo.launch.py
-- Symlinking: /home/dmontiel/Desktop/Uni/Modelado/p3/rover_ws/install/msr_robot/share/msr_robot/launch/robot_state_publisher.launch.py
-- Symlinking: /home/dmontiel/Desktop/Uni/Modelado/p3/rover_ws/install/msr_robot/share/msr_robot/config/rover_bridge.yaml
-- Symlinking: /home/dmontiel/Desktop/Uni/Modelado/p3/rover_ws/install/msr_robot/share/msr_robot/config/rover_controllers.yaml
-- Symlinking: /home/dmontiel/Desktop/Uni/Modelado/p3/rover_ws/install/msr_robot/share/msr_robot/robots/rover.urdf.xacro
-- Symlinking: /home/dmontiel/Desktop/Uni/Modelado/p3/rover_ws/install/msr_robot/share/msr_robot/meshes/dae/Cube.dae
-- Symlinking: /home/dmontiel/Desktop/Uni/Modelado/p3/rover_ws/install/msr_robot/share/msr_robot/meshes/dae/Cube.dae_history.log
-- Symlinking: /home/dmontiel/Desktop/Uni/Modelado/p3/rover_ws/install/msr_robot/share/msr_robot/meshes/dae/Cylinder.031.dae
-- Symlinking: /home/dmontiel/Desktop/Uni/Modelado/p3/rover_ws/install/msr_robot/share/msr_robot/meshes/dae/Cylinder.031.dae_history.log
-- Symlinking: /home/dmontiel/Desktop/Uni/Modelado/p3/rover_ws/install/msr_robot/share/msr_robot/meshes/dae/Cylinder.035.dae
-- Symlinking: /home/dmontiel/Desktop/Uni/Modelado/p3/rover_ws/install/msr_robot/share/msr_robot/meshes/dae/Cylinder.035.dae_history.log
-- Symlinking: /home/dmontiel/Desktop/Uni/Modelado/p3/rover_ws/install/msr_robot/share/msr_robot/meshes/dae/Torus.001.dae
-- Symlinking: /home/dmontiel/Desktop/Uni/Modelado/p3/rover_ws/install/msr_robot/share/msr_robot/meshes/dae/Torus.001.dae_history.log
-- Symlinking: /home/dmontiel/Desktop/Uni/Modelado/p3/rover_ws/install/msr_robot/share/msr_robot/meshes/dae/Torus.002.dae
-- Symlinking: /home/dmontiel/Desktop/Uni/Modelado/p3/rover_ws/install/msr_robot/share/msr_robot/meshes/dae/Torus.002.dae_history.log
-- Symlinking: /home/dmontiel/Desktop/Uni/Modelado/p3/rover_ws/install/msr_robot/share/msr_robot/meshes/dae/Torus.003.dae
-- Symlinking: /home/dmontiel/Desktop/Uni/Modelado/p3/rover_ws/install/msr_robot/share/msr_robot/meshes/dae/Torus.003.dae_history.log
-- Symlinking: /home/dmontiel/Desktop/Uni/Modelado/p3/rover_ws/install/msr_robot/share/msr_robot/meshes/dae/Torus.004.dae
-- Symlinking: /home/dmontiel/Desktop/Uni/Modelado/p3/rover_ws/install/msr_robot/share/msr_robot/meshes/dae/Torus.004.dae_history.log
-- Symlinking: /home/dmontiel/Desktop/Uni/Modelado/p3/rover_ws/install/msr_robot/share/msr_robot/meshes/dae/Torus.005.dae
-- Symlinking: /home/dmontiel/Desktop/Uni/Modelado/p3/rover_ws/install/msr_robot/share/msr_robot/meshes/dae/Torus.005.dae_history.log
-- Symlinking: /home/dmontiel/Desktop/Uni/Modelado/p3/rover_ws/install/msr_robot/share/msr_robot/meshes/dae/Torus.dae
-- Symlinking: /home/dmontiel/Desktop/Uni/Modelado/p3/rover_ws/install/msr_robot/share/msr_robot/meshes/dae/Torus.dae_history.log
-- Symlinking: /home/dmontiel/Desktop/Uni/Modelado/p3/rover_ws/install/msr_robot/share/ament_index/resource_index/package_run_dependencies/msr_robot
-- Symlinking: /home/dmontiel/Desktop/Uni/Modelado/p3/rover_ws/install/msr_robot/share/ament_index/resource_index/parent_prefix_path/msr_robot
-- Symlinking: /home/dmontiel/Desktop/Uni/Modelado/p3/rover_ws/install/msr_robot/share/msr_robot/environment/ament_prefix_path.sh
-- Symlinking: /home/dmontiel/Desktop/Uni/Modelado/p3/rover_ws/install/msr_robot/share/msr_robot/environment/ament_prefix_path.dsv
-- Symlinking: /home/dmontiel/Desktop/Uni/Modelado/p3/rover_ws/install/msr_robot/share/msr_robot/environment/path.sh
-- Symlinking: /home/dmontiel/Desktop/Uni/Modelado/p3/rover_ws/install/msr_robot/share/msr_robot/environment/path.dsv
-- Symlinking: /home/dmontiel/Desktop/Uni/Modelado/p3/rover_ws/install/msr_robot/share/msr_robot/local_setup.bash
-- Symlinking: /home/dmontiel/Desktop/Uni/Modelado/p3/rover_ws/install/msr_robot/share/msr_robot/local_setup.sh
-- Symlinking: /home/dmontiel/Desktop/Uni/Modelado/p3/rover_ws/install/msr_robot/share/msr_robot/local_setup.zsh
-- Symlinking: /home/dmontiel/Desktop/Uni/Modelado/p3/rover_ws/install/msr_robot/share/msr_robot/local_setup.dsv
-- Symlinking: /home/dmontiel/Desktop/Uni/Modelado/p3/rover_ws/install/msr_robot/share/msr_robot/package.dsv
-- Symlinking: /home/dmontiel/Desktop/Uni/Modelado/p3/rover_ws/install/msr_robot/share/ament_index/resource_index/packages/msr_robot
-- Symlinking: /home/dmontiel/Desktop/Uni/Modelado/p3/rover_ws/install/msr_robot/share/msr_robot/cmake/msr_robotConfig.cmake
-- Symlinking: /home/dmontiel/Desktop/Uni/Modelado/p3/rover_ws/install/msr_robot/share/msr_robot/cmake/msr_robotConfig-version.cmake
-- Symlinking: /home/dmontiel/Desktop/Uni/Modelado/p3/rover_ws/install/msr_robot/share/msr_robot/package.xml
