-- Install configuration: ""
-- Execute custom install script
-- Up-to-date symlink: /home/dmontiel/Desktop/Uni/Modelado/p3/rover_ws/install/urjc_excavation_world/share/urjc_excavation_world/launch/urjc_excavation.launch.py
-- Up-to-date symlink: /home/dmontiel/Desktop/Uni/Modelado/p3/rover_ws/install/urjc_excavation_world/share/urjc_excavation_world/launch/urjc_excavation_msr.launch.py
-- Up-to-date symlink: /home/dmontiel/Desktop/Uni/Modelado/p3/rover_ws/install/urjc_excavation_world/share/urjc_excavation_world/launch/view_urjc_excavation.launch.py
-- Up-to-date symlink: /home/dmontiel/Desktop/Uni/Modelado/p3/rover_ws/install/urjc_excavation_world/share/urjc_excavation_world/models/blue_cube/meshes/blue_cube.dae
-- Up-to-date symlink: /home/dmontiel/Desktop/Uni/Modelado/p3/rover_ws/install/urjc_excavation_world/share/urjc_excavation_world/models/blue_cube/model.config
-- Up-to-date symlink: /home/dmontiel/Desktop/Uni/Modelado/p3/rover_ws/install/urjc_excavation_world/share/urjc_excavation_world/models/blue_cube/model.sdf
-- Up-to-date symlink: /home/dmontiel/Desktop/Uni/Modelado/p3/rover_ws/install/urjc_excavation_world/share/urjc_excavation_world/models/green_cube/meshes/green_cube.dae
-- Up-to-date symlink: /home/dmontiel/Desktop/Uni/Modelado/p3/rover_ws/install/urjc_excavation_world/share/urjc_excavation_world/models/green_cube/model.config
-- Up-to-date symlink: /home/dmontiel/Desktop/Uni/Modelado/p3/rover_ws/install/urjc_excavation_world/share/urjc_excavation_world/models/green_cube/model.sdf
-- Up-to-date symlink: /home/dmontiel/Desktop/Uni/Modelado/p3/rover_ws/install/urjc_excavation_world/share/urjc_excavation_world/models/red_cube/meshes/red_cube.dae
-- Up-to-date symlink: /home/dmontiel/Desktop/Uni/Modelado/p3/rover_ws/install/urjc_excavation_world/share/urjc_excavation_world/models/red_cube/model.config
-- Up-to-date symlink: /home/dmontiel/Desktop/Uni/Modelado/p3/rover_ws/install/urjc_excavation_world/share/urjc_excavation_world/models/red_cube/model.sdf
-- Up-to-date symlink: /home/dmontiel/Desktop/Uni/Modelado/p3/rover_ws/install/urjc_excavation_world/share/urjc_excavation_world/models/urjc_excavation/meshes/Image_0.047.jpg
-- Up-to-date symlink: /home/dmontiel/Desktop/Uni/Modelado/p3/rover_ws/install/urjc_excavation_world/share/urjc_excavation_world/models/urjc_excavation/meshes/Image_0.049.jpg
-- Up-to-date symlink: /home/dmontiel/Desktop/Uni/Modelado/p3/rover_ws/install/urjc_excavation_world/share/urjc_excavation_world/models/urjc_excavation/meshes/Image_0.051.jpg
-- Up-to-date symlink: /home/dmontiel/Desktop/Uni/Modelado/p3/rover_ws/install/urjc_excavation_world/share/urjc_excavation_world/models/urjc_excavation/meshes/Image_0.054.jpg
-- Up-to-date symlink: /home/dmontiel/Desktop/Uni/Modelado/p3/rover_ws/install/urjc_excavation_world/share/urjc_excavation_world/models/urjc_excavation/meshes/Image_0.055.jpg
-- Up-to-date symlink: /home/dmontiel/Desktop/Uni/Modelado/p3/rover_ws/install/urjc_excavation_world/share/urjc_excavation_world/models/urjc_excavation/meshes/Image_0.056.jpg
-- Up-to-date symlink: /home/dmontiel/Desktop/Uni/Modelado/p3/rover_ws/install/urjc_excavation_world/share/urjc_excavation_world/models/urjc_excavation/meshes/Image_0.057.jpg
-- Up-to-date symlink: /home/dmontiel/Desktop/Uni/Modelado/p3/rover_ws/install/urjc_excavation_world/share/urjc_excavation_world/models/urjc_excavation/meshes/Image_0.058.jpg
-- Up-to-date symlink: /home/dmontiel/Desktop/Uni/Modelado/p3/rover_ws/install/urjc_excavation_world/share/urjc_excavation_world/models/urjc_excavation/meshes/Image_0.059.jpg
-- Up-to-date symlink: /home/dmontiel/Desktop/Uni/Modelado/p3/rover_ws/install/urjc_excavation_world/share/urjc_excavation_world/models/urjc_excavation/meshes/Image_0.060.jpg
-- Up-to-date symlink: /home/dmontiel/Desktop/Uni/Modelado/p3/rover_ws/install/urjc_excavation_world/share/urjc_excavation_world/models/urjc_excavation/meshes/Image_0.061.jpg
-- Up-to-date symlink: /home/dmontiel/Desktop/Uni/Modelado/p3/rover_ws/install/urjc_excavation_world/share/urjc_excavation_world/models/urjc_excavation/meshes/Image_0.064.jpg
-- Up-to-date symlink: /home/dmontiel/Desktop/Uni/Modelado/p3/rover_ws/install/urjc_excavation_world/share/urjc_excavation_world/models/urjc_excavation/meshes/Image_1.014.jpg
-- Up-to-date symlink: /home/dmontiel/Desktop/Uni/Modelado/p3/rover_ws/install/urjc_excavation_world/share/urjc_excavation_world/models/urjc_excavation/meshes/Image_1.016.jpg
-- Up-to-date symlink: /home/dmontiel/Desktop/Uni/Modelado/p3/rover_ws/install/urjc_excavation_world/share/urjc_excavation_world/models/urjc_excavation/meshes/URJC_excavation.dae
-- Up-to-date symlink: /home/dmontiel/Desktop/Uni/Modelado/p3/rover_ws/install/urjc_excavation_world/share/urjc_excavation_world/models/urjc_excavation/meshes/URJC_excavation.stl
-- Up-to-date symlink: /home/dmontiel/Desktop/Uni/Modelado/p3/rover_ws/install/urjc_excavation_world/share/urjc_excavation_world/models/urjc_excavation/model.config
-- Up-to-date symlink: /home/dmontiel/Desktop/Uni/Modelado/p3/rover_ws/install/urjc_excavation_world/share/urjc_excavation_world/models/urjc_excavation/model.sdf
-- Up-to-date symlink: /home/dmontiel/Desktop/Uni/Modelado/p3/rover_ws/install/urjc_excavation_world/share/urjc_excavation_world/worlds/urjc_excavation.world
-- Up-to-date symlink: /home/dmontiel/Desktop/Uni/Modelado/p3/rover_ws/install/urjc_excavation_world/share/urjc_excavation_world/worlds/urjc_excavation_msr.world
-- Up-to-date symlink: /home/dmontiel/Desktop/Uni/Modelado/p3/rover_ws/install/urjc_excavation_world/share/urjc_excavation_world/environment/urjc_excavation_world.dsv
-- Up-to-date symlink: /home/dmontiel/Desktop/Uni/Modelado/p3/rover_ws/install/urjc_excavation_world/share/ament_index/resource_index/package_run_dependencies/urjc_excavation_world
-- Up-to-date symlink: /home/dmontiel/Desktop/Uni/Modelado/p3/rover_ws/install/urjc_excavation_world/share/ament_index/resource_index/parent_prefix_path/urjc_excavation_world
-- Up-to-date symlink: /home/dmontiel/Desktop/Uni/Modelado/p3/rover_ws/install/urjc_excavation_world/share/urjc_excavation_world/environment/ament_prefix_path.sh
-- Up-to-date symlink: /home/dmontiel/Desktop/Uni/Modelado/p3/rover_ws/install/urjc_excavation_world/share/urjc_excavation_world/environment/ament_prefix_path.dsv
-- Up-to-date symlink: /home/dmontiel/Desktop/Uni/Modelado/p3/rover_ws/install/urjc_excavation_world/share/urjc_excavation_world/environment/path.sh
-- Up-to-date symlink: /home/dmontiel/Desktop/Uni/Modelado/p3/rover_ws/install/urjc_excavation_world/share/urjc_excavation_world/environment/path.dsv
-- Up-to-date symlink: /home/dmontiel/Desktop/Uni/Modelado/p3/rover_ws/install/urjc_excavation_world/share/urjc_excavation_world/local_setup.bash
-- Up-to-date symlink: /home/dmontiel/Desktop/Uni/Modelado/p3/rover_ws/install/urjc_excavation_world/share/urjc_excavation_world/local_setup.sh
-- Up-to-date symlink: /home/dmontiel/Desktop/Uni/Modelado/p3/rover_ws/install/urjc_excavation_world/share/urjc_excavation_world/local_setup.zsh
-- Up-to-date symlink: /home/dmontiel/Desktop/Uni/Modelado/p3/rover_ws/install/urjc_excavation_world/share/urjc_excavation_world/local_setup.dsv
-- Symlinking: /home/dmontiel/Desktop/Uni/Modelado/p3/rover_ws/install/urjc_excavation_world/share/urjc_excavation_world/package.dsv
-- Up-to-date symlink: /home/dmontiel/Desktop/Uni/Modelado/p3/rover_ws/install/urjc_excavation_world/share/ament_index/resource_index/packages/urjc_excavation_world
-- Up-to-date symlink: /home/dmontiel/Desktop/Uni/Modelado/p3/rover_ws/install/urjc_excavation_world/share/urjc_excavation_world/cmake/ament_cmake_export_dependencies-extras.cmake
-- Up-to-date symlink: /home/dmontiel/Desktop/Uni/Modelado/p3/rover_ws/install/urjc_excavation_world/share/urjc_excavation_world/cmake/urjc_excavation_worldConfig.cmake
-- Up-to-date symlink: /home/dmontiel/Desktop/Uni/Modelado/p3/rover_ws/install/urjc_excavation_world/share/urjc_excavation_world/cmake/urjc_excavation_worldConfig-version.cmake
-- Up-to-date symlink: /home/dmontiel/Desktop/Uni/Modelado/p3/rover_ws/install/urjc_excavation_world/share/urjc_excavation_world/package.xml
