[0.268s] DEBUG:colcon:Command line arguments: ['/usr/bin/colcon', 'build', '--symlink-install']
[0.268s] DEBUG:colcon:Parsed command line arguments: Namespace(log_base=None, log_level=None, verb_name='build', build_base='build', install_base='install', merge_install=False, symlink_install=True, test_result_base=None, continue_on_error=False, executor='parallel', parallel_workers=16, event_handlers=None, ignore_user_meta=False, metas=['./colcon.meta'], base_paths=['.'], packages_ignore=None, packages_ignore_regex=None, paths=None, packages_up_to=None, packages_up_to_regex=None, packages_above=None, packages_above_and_dependencies=None, packages_above_depth=None, packages_select_by_dep=None, packages_skip_by_dep=None, packages_skip_up_to=None, packages_select_build_failed=False, packages_skip_build_finished=False, packages_select_test_failures=False, packages_skip_test_passed=False, packages_select=None, packages_skip=None, packages_select_regex=None, packages_skip_regex=None, packages_start=None, packages_end=None, allow_overriding=[], cmake_args=None, cmake_target=None, cmake_target_skip_unavailable=False, cmake_clean_cache=False, cmake_clean_first=False, cmake_force_configure=False, ament_cmake_args=None, catkin_cmake_args=None, catkin_skip_building_tests=False, mixin_files=None, mixin=None, verb_parser=<colcon_mixin.mixin.mixin_argument.MixinArgumentDecorator object at 0x7b69505a48c0>, verb_extension=<colcon_core.verb.build.BuildVerb object at 0x7b69505a4590>, main=<bound method BuildVerb.main of <colcon_core.verb.build.BuildVerb object at 0x7b69505a4590>>, mixin_verb=('build',))
[0.366s] Level 1:colcon.colcon_core.package_discovery:discover_packages(colcon_meta) check parameters
[0.366s] Level 1:colcon.colcon_core.package_discovery:discover_packages(recursive) check parameters
[0.366s] Level 1:colcon.colcon_core.package_discovery:discover_packages(ignore) check parameters
[0.367s] Level 1:colcon.colcon_core.package_discovery:discover_packages(path) check parameters
[0.367s] Level 1:colcon.colcon_core.package_discovery:discover_packages(colcon_meta) discover
[0.367s] Level 1:colcon.colcon_core.package_discovery:discover_packages(recursive) discover
[0.367s] INFO:colcon.colcon_core.package_discovery:Crawling recursively for packages in '/home/dmontiel/Desktop/Uni/Modelado/p3/rover_ws'
[0.367s] Level 1:colcon.colcon_core.package_identification:_identify(.) by extensions ['ignore', 'ignore_ament_install']
[0.367s] Level 1:colcon.colcon_core.package_identification:_identify(.) by extension 'ignore'
[0.367s] Level 1:colcon.colcon_core.package_identification:_identify(.) by extension 'ignore_ament_install'
[0.368s] Level 1:colcon.colcon_core.package_identification:_identify(.) by extensions ['colcon_pkg']
[0.368s] Level 1:colcon.colcon_core.package_identification:_identify(.) by extension 'colcon_pkg'
[0.368s] Level 1:colcon.colcon_core.package_identification:_identify(.) by extensions ['colcon_meta']
[0.368s] Level 1:colcon.colcon_core.package_identification:_identify(.) by extension 'colcon_meta'
[0.368s] Level 1:colcon.colcon_core.package_identification:_identify(.) by extensions ['ros']
[0.368s] Level 1:colcon.colcon_core.package_identification:_identify(.) by extension 'ros'
[0.413s] Level 1:colcon.colcon_core.package_identification:_identify(.) by extensions ['cmake', 'python']
[0.413s] Level 1:colcon.colcon_core.package_identification:_identify(.) by extension 'cmake'
[0.414s] Level 1:colcon.colcon_core.package_identification:_identify(.) by extension 'python'
[0.414s] Level 1:colcon.colcon_core.package_identification:_identify(.) by extensions ['python_setup_py']
[0.414s] Level 1:colcon.colcon_core.package_identification:_identify(.) by extension 'python_setup_py'
[0.414s] Level 1:colcon.colcon_core.package_identification:_identify(build) by extensions ['ignore', 'ignore_ament_install']
[0.414s] Level 1:colcon.colcon_core.package_identification:_identify(build) by extension 'ignore'
[0.414s] Level 1:colcon.colcon_core.package_identification:_identify(build) ignored
[0.414s] Level 1:colcon.colcon_core.package_identification:_identify(install) by extensions ['ignore', 'ignore_ament_install']
[0.414s] Level 1:colcon.colcon_core.package_identification:_identify(install) by extension 'ignore'
[0.414s] Level 1:colcon.colcon_core.package_identification:_identify(install) ignored
[0.415s] Level 1:colcon.colcon_core.package_identification:_identify(log) by extensions ['ignore', 'ignore_ament_install']
[0.415s] Level 1:colcon.colcon_core.package_identification:_identify(log) by extension 'ignore'
[0.415s] Level 1:colcon.colcon_core.package_identification:_identify(log) ignored
[0.415s] Level 1:colcon.colcon_core.package_identification:_identify(src) by extensions ['ignore', 'ignore_ament_install']
[0.415s] Level 1:colcon.colcon_core.package_identification:_identify(src) by extension 'ignore'
[0.415s] Level 1:colcon.colcon_core.package_identification:_identify(src) by extension 'ignore_ament_install'
[0.415s] Level 1:colcon.colcon_core.package_identification:_identify(src) by extensions ['colcon_pkg']
[0.415s] Level 1:colcon.colcon_core.package_identification:_identify(src) by extension 'colcon_pkg'
[0.415s] Level 1:colcon.colcon_core.package_identification:_identify(src) by extensions ['colcon_meta']
[0.415s] Level 1:colcon.colcon_core.package_identification:_identify(src) by extension 'colcon_meta'
[0.415s] Level 1:colcon.colcon_core.package_identification:_identify(src) by extensions ['ros']
[0.416s] Level 1:colcon.colcon_core.package_identification:_identify(src) by extension 'ros'
[0.416s] Level 1:colcon.colcon_core.package_identification:_identify(src) by extensions ['cmake', 'python']
[0.416s] Level 1:colcon.colcon_core.package_identification:_identify(src) by extension 'cmake'
[0.416s] Level 1:colcon.colcon_core.package_identification:_identify(src) by extension 'python'
[0.416s] Level 1:colcon.colcon_core.package_identification:_identify(src) by extensions ['python_setup_py']
[0.416s] Level 1:colcon.colcon_core.package_identification:_identify(src) by extension 'python_setup_py'
[0.416s] Level 1:colcon.colcon_core.package_identification:_identify(src/msr_robot) by extensions ['ignore', 'ignore_ament_install']
[0.416s] Level 1:colcon.colcon_core.package_identification:_identify(src/msr_robot) by extension 'ignore'
[0.416s] Level 1:colcon.colcon_core.package_identification:_identify(src/msr_robot) by extension 'ignore_ament_install'
[0.416s] Level 1:colcon.colcon_core.package_identification:_identify(src/msr_robot) by extensions ['colcon_pkg']
[0.416s] Level 1:colcon.colcon_core.package_identification:_identify(src/msr_robot) by extension 'colcon_pkg'
[0.417s] Level 1:colcon.colcon_core.package_identification:_identify(src/msr_robot) by extensions ['colcon_meta']
[0.417s] Level 1:colcon.colcon_core.package_identification:_identify(src/msr_robot) by extension 'colcon_meta'
[0.417s] Level 1:colcon.colcon_core.package_identification:_identify(src/msr_robot) by extensions ['ros']
[0.417s] Level 1:colcon.colcon_core.package_identification:_identify(src/msr_robot) by extension 'ros'
[0.421s] DEBUG:colcon.colcon_core.package_identification:Package 'src/msr_robot' with type 'ros.ament_cmake' and name 'msr_robot'
[0.421s] Level 1:colcon.colcon_core.package_identification:_identify(src/rover_moveit_config) by extensions ['ignore', 'ignore_ament_install']
[0.421s] Level 1:colcon.colcon_core.package_identification:_identify(src/rover_moveit_config) by extension 'ignore'
[0.422s] Level 1:colcon.colcon_core.package_identification:_identify(src/rover_moveit_config) by extension 'ignore_ament_install'
[0.422s] Level 1:colcon.colcon_core.package_identification:_identify(src/rover_moveit_config) by extensions ['colcon_pkg']
[0.422s] Level 1:colcon.colcon_core.package_identification:_identify(src/rover_moveit_config) by extension 'colcon_pkg'
[0.422s] Level 1:colcon.colcon_core.package_identification:_identify(src/rover_moveit_config) by extensions ['colcon_meta']
[0.422s] Level 1:colcon.colcon_core.package_identification:_identify(src/rover_moveit_config) by extension 'colcon_meta'
[0.422s] Level 1:colcon.colcon_core.package_identification:_identify(src/rover_moveit_config) by extensions ['ros']
[0.422s] Level 1:colcon.colcon_core.package_identification:_identify(src/rover_moveit_config) by extension 'ros'
[0.423s] DEBUG:colcon.colcon_core.package_identification:Package 'src/rover_moveit_config' with type 'ros.ament_cmake' and name 'rover_moveit_config'
[0.423s] Level 1:colcon.colcon_core.package_identification:_identify(src/urjc-excavation-world) by extensions ['ignore', 'ignore_ament_install']
[0.424s] Level 1:colcon.colcon_core.package_identification:_identify(src/urjc-excavation-world) by extension 'ignore'
[0.424s] Level 1:colcon.colcon_core.package_identification:_identify(src/urjc-excavation-world) by extension 'ignore_ament_install'
[0.424s] Level 1:colcon.colcon_core.package_identification:_identify(src/urjc-excavation-world) by extensions ['colcon_pkg']
[0.424s] Level 1:colcon.colcon_core.package_identification:_identify(src/urjc-excavation-world) by extension 'colcon_pkg'
[0.424s] Level 1:colcon.colcon_core.package_identification:_identify(src/urjc-excavation-world) by extensions ['colcon_meta']
[0.424s] Level 1:colcon.colcon_core.package_identification:_identify(src/urjc-excavation-world) by extension 'colcon_meta'
[0.424s] Level 1:colcon.colcon_core.package_identification:_identify(src/urjc-excavation-world) by extensions ['ros']
[0.424s] Level 1:colcon.colcon_core.package_identification:_identify(src/urjc-excavation-world) by extension 'ros'
[0.425s] DEBUG:colcon.colcon_core.package_identification:Package 'src/urjc-excavation-world' with type 'ros.ament_cmake' and name 'urjc_excavation_world'
[0.425s] Level 1:colcon.colcon_core.package_discovery:discover_packages(recursive) using defaults
[0.425s] Level 1:colcon.colcon_core.package_discovery:discover_packages(ignore) discover
[0.425s] Level 1:colcon.colcon_core.package_discovery:discover_packages(ignore) using defaults
[0.425s] Level 1:colcon.colcon_core.package_discovery:discover_packages(path) discover
[0.425s] Level 1:colcon.colcon_core.package_discovery:discover_packages(path) using defaults
[0.464s] Level 1:colcon.colcon_core.package_discovery:discover_packages(prefix_path) check parameters
[0.464s] Level 1:colcon.colcon_core.package_discovery:discover_packages(prefix_path) discover
[0.466s] WARNING:colcon.colcon_ros.prefix_path.ament:The path '/home/dmontiel/Desktop/Uni/Modelado/p3/rover_ws/install/urjc_excavation_world' in the environment variable AMENT_PREFIX_PATH doesn't exist
[0.467s] WARNING:colcon.colcon_ros.prefix_path.ament:The path '/home/dmontiel/Desktop/Uni/Modelado/p3/rover_ws/install/rover_moveit_config' in the environment variable AMENT_PREFIX_PATH doesn't exist
[0.467s] WARNING:colcon.colcon_ros.prefix_path.ament:The path '/home/dmontiel/Desktop/Uni/Modelado/p3/rover_ws/install/msr_robot' in the environment variable AMENT_PREFIX_PATH doesn't exist
[0.467s] WARNING:colcon.colcon_ros.prefix_path.catkin:The path '/home/dmontiel/Desktop/Uni/Modelado/p3/rover_ws/install/urjc_excavation_world' in the environment variable CMAKE_PREFIX_PATH doesn't exist
[0.467s] WARNING:colcon.colcon_ros.prefix_path.catkin:The path '/home/dmontiel/Desktop/Uni/Modelado/p3/rover_ws/install/rover_moveit_config' in the environment variable CMAKE_PREFIX_PATH doesn't exist
[0.467s] WARNING:colcon.colcon_ros.prefix_path.catkin:The path '/home/dmontiel/Desktop/Uni/Modelado/p3/rover_ws/install/msr_robot' in the environment variable CMAKE_PREFIX_PATH doesn't exist
[0.469s] DEBUG:colcon.colcon_installed_package_information.package_discovery:Found 0 installed packages in /home/dmontiel/Desktop/Uni/Modelado/p3/rover_ws/install
[0.473s] DEBUG:colcon.colcon_installed_package_information.package_discovery:Found 440 installed packages in /opt/ros/jazzy
[0.477s] Level 1:colcon.colcon_core.package_discovery:discover_packages(prefix_path) using defaults
[0.575s] Level 5:colcon.colcon_core.verb:set package 'msr_robot' build argument 'cmake_args' from command line to 'None'
[0.576s] Level 5:colcon.colcon_core.verb:set package 'msr_robot' build argument 'cmake_target' from command line to 'None'
[0.576s] Level 5:colcon.colcon_core.verb:set package 'msr_robot' build argument 'cmake_target_skip_unavailable' from command line to 'False'
[0.576s] Level 5:colcon.colcon_core.verb:set package 'msr_robot' build argument 'cmake_clean_cache' from command line to 'False'
[0.576s] Level 5:colcon.colcon_core.verb:set package 'msr_robot' build argument 'cmake_clean_first' from command line to 'False'
[0.576s] Level 5:colcon.colcon_core.verb:set package 'msr_robot' build argument 'cmake_force_configure' from command line to 'False'
[0.576s] Level 5:colcon.colcon_core.verb:set package 'msr_robot' build argument 'ament_cmake_args' from command line to 'None'
[0.576s] Level 5:colcon.colcon_core.verb:set package 'msr_robot' build argument 'catkin_cmake_args' from command line to 'None'
[0.576s] Level 5:colcon.colcon_core.verb:set package 'msr_robot' build argument 'catkin_skip_building_tests' from command line to 'False'
[0.576s] DEBUG:colcon.colcon_core.verb:Building package 'msr_robot' with the following arguments: {'ament_cmake_args': None, 'build_base': '/home/dmontiel/Desktop/Uni/Modelado/p3/rover_ws/build/msr_robot', 'catkin_cmake_args': None, 'catkin_skip_building_tests': False, 'cmake_args': None, 'cmake_clean_cache': False, 'cmake_clean_first': False, 'cmake_force_configure': False, 'cmake_target': None, 'cmake_target_skip_unavailable': False, 'install_base': '/home/dmontiel/Desktop/Uni/Modelado/p3/rover_ws/install/msr_robot', 'merge_install': False, 'path': '/home/dmontiel/Desktop/Uni/Modelado/p3/rover_ws/src/msr_robot', 'symlink_install': True, 'test_result_base': None}
[0.576s] Level 5:colcon.colcon_core.verb:set package 'urjc_excavation_world' build argument 'cmake_args' from command line to 'None'
[0.576s] Level 5:colcon.colcon_core.verb:set package 'urjc_excavation_world' build argument 'cmake_target' from command line to 'None'
[0.576s] Level 5:colcon.colcon_core.verb:set package 'urjc_excavation_world' build argument 'cmake_target_skip_unavailable' from command line to 'False'
[0.576s] Level 5:colcon.colcon_core.verb:set package 'urjc_excavation_world' build argument 'cmake_clean_cache' from command line to 'False'
[0.577s] Level 5:colcon.colcon_core.verb:set package 'urjc_excavation_world' build argument 'cmake_clean_first' from command line to 'False'
[0.577s] Level 5:colcon.colcon_core.verb:set package 'urjc_excavation_world' build argument 'cmake_force_configure' from command line to 'False'
[0.577s] Level 5:colcon.colcon_core.verb:set package 'urjc_excavation_world' build argument 'ament_cmake_args' from command line to 'None'
[0.577s] Level 5:colcon.colcon_core.verb:set package 'urjc_excavation_world' build argument 'catkin_cmake_args' from command line to 'None'
[0.577s] Level 5:colcon.colcon_core.verb:set package 'urjc_excavation_world' build argument 'catkin_skip_building_tests' from command line to 'False'
[0.577s] DEBUG:colcon.colcon_core.verb:Building package 'urjc_excavation_world' with the following arguments: {'ament_cmake_args': None, 'build_base': '/home/dmontiel/Desktop/Uni/Modelado/p3/rover_ws/build/urjc_excavation_world', 'catkin_cmake_args': None, 'catkin_skip_building_tests': False, 'cmake_args': None, 'cmake_clean_cache': False, 'cmake_clean_first': False, 'cmake_force_configure': False, 'cmake_target': None, 'cmake_target_skip_unavailable': False, 'install_base': '/home/dmontiel/Desktop/Uni/Modelado/p3/rover_ws/install/urjc_excavation_world', 'merge_install': False, 'path': '/home/dmontiel/Desktop/Uni/Modelado/p3/rover_ws/src/urjc-excavation-world', 'symlink_install': True, 'test_result_base': None}
[0.577s] Level 5:colcon.colcon_core.verb:set package 'rover_moveit_config' build argument 'cmake_args' from command line to 'None'
[0.577s] Level 5:colcon.colcon_core.verb:set package 'rover_moveit_config' build argument 'cmake_target' from command line to 'None'
[0.577s] Level 5:colcon.colcon_core.verb:set package 'rover_moveit_config' build argument 'cmake_target_skip_unavailable' from command line to 'False'
[0.577s] Level 5:colcon.colcon_core.verb:set package 'rover_moveit_config' build argument 'cmake_clean_cache' from command line to 'False'
[0.577s] Level 5:colcon.colcon_core.verb:set package 'rover_moveit_config' build argument 'cmake_clean_first' from command line to 'False'
[0.577s] Level 5:colcon.colcon_core.verb:set package 'rover_moveit_config' build argument 'cmake_force_configure' from command line to 'False'
[0.577s] Level 5:colcon.colcon_core.verb:set package 'rover_moveit_config' build argument 'ament_cmake_args' from command line to 'None'
[0.577s] Level 5:colcon.colcon_core.verb:set package 'rover_moveit_config' build argument 'catkin_cmake_args' from command line to 'None'
[0.577s] Level 5:colcon.colcon_core.verb:set package 'rover_moveit_config' build argument 'catkin_skip_building_tests' from command line to 'False'
[0.578s] DEBUG:colcon.colcon_core.verb:Building package 'rover_moveit_config' with the following arguments: {'ament_cmake_args': None, 'build_base': '/home/dmontiel/Desktop/Uni/Modelado/p3/rover_ws/build/rover_moveit_config', 'catkin_cmake_args': None, 'catkin_skip_building_tests': False, 'cmake_args': None, 'cmake_clean_cache': False, 'cmake_clean_first': False, 'cmake_force_configure': False, 'cmake_target': None, 'cmake_target_skip_unavailable': False, 'install_base': '/home/dmontiel/Desktop/Uni/Modelado/p3/rover_ws/install/rover_moveit_config', 'merge_install': False, 'path': '/home/dmontiel/Desktop/Uni/Modelado/p3/rover_ws/src/rover_moveit_config', 'symlink_install': True, 'test_result_base': None}
[0.578s] INFO:colcon.colcon_core.executor:Executing jobs using 'parallel' executor
[0.579s] DEBUG:colcon.colcon_parallel_executor.executor.parallel:run_until_complete
[0.579s] INFO:colcon.colcon_ros.task.ament_cmake.build:Building ROS package in '/home/dmontiel/Desktop/Uni/Modelado/p3/rover_ws/src/msr_robot' with build type 'ament_cmake'
[0.580s] INFO:colcon.colcon_cmake.task.cmake.build:Building CMake package in '/home/dmontiel/Desktop/Uni/Modelado/p3/rover_ws/src/msr_robot'
[0.585s] INFO:colcon.colcon_core.plugin_system:Skipping extension 'colcon_core.shell.bat': Not used on non-Windows systems
[0.585s] INFO:colcon.colcon_core.shell:Skip shell extension 'powershell' for command environment: Not usable outside of PowerShell
[0.585s] DEBUG:colcon.colcon_core.shell:Skip shell extension 'dsv' for command environment
[0.592s] INFO:colcon.colcon_ros.task.ament_cmake.build:Building ROS package in '/home/dmontiel/Desktop/Uni/Modelado/p3/rover_ws/src/urjc-excavation-world' with build type 'ament_cmake'
[0.593s] INFO:colcon.colcon_cmake.task.cmake.build:Building CMake package in '/home/dmontiel/Desktop/Uni/Modelado/p3/rover_ws/src/urjc-excavation-world'
[0.593s] INFO:colcon.colcon_core.shell:Skip shell extension 'powershell' for command environment: Not usable outside of PowerShell
[0.593s] DEBUG:colcon.colcon_core.shell:Skip shell extension 'dsv' for command environment
[0.606s] DEBUG:colcon.colcon_core.event_handler.log_command:Invoking command in '/home/dmontiel/Desktop/Uni/Modelado/p3/rover_ws/build/msr_robot': CMAKE_PREFIX_PATH=${CMAKE_PREFIX_PATH}:/opt/ros/jazzy CONDA_PROMPT_MODIFIER=(base) DEBUGINFOD_URLS=https://debuginfod.ubuntu.com /usr/bin/cmake /home/dmontiel/Desktop/Uni/Modelado/p3/rover_ws/src/msr_robot -DAMENT_CMAKE_SYMLINK_INSTALL=1 -DCMAKE_INSTALL_PREFIX=/home/dmontiel/Desktop/Uni/Modelado/p3/rover_ws/install/msr_robot
[0.614s] DEBUG:colcon.colcon_core.event_handler.log_command:Invoking command in '/home/dmontiel/Desktop/Uni/Modelado/p3/rover_ws/build/urjc_excavation_world': CMAKE_PREFIX_PATH=${CMAKE_PREFIX_PATH}:/opt/ros/jazzy CONDA_PROMPT_MODIFIER=(base) DEBUGINFOD_URLS=https://debuginfod.ubuntu.com /usr/bin/cmake /home/dmontiel/Desktop/Uni/Modelado/p3/rover_ws/src/urjc-excavation-world -DAMENT_CMAKE_SYMLINK_INSTALL=1 -DCMAKE_INSTALL_PREFIX=/home/dmontiel/Desktop/Uni/Modelado/p3/rover_ws/install/urjc_excavation_world
[3.291s] DEBUG:colcon.colcon_core.event_handler.log_command:Invoked command in '/home/dmontiel/Desktop/Uni/Modelado/p3/rover_ws/build/urjc_excavation_world' returned '0': CMAKE_PREFIX_PATH=${CMAKE_PREFIX_PATH}:/opt/ros/jazzy CONDA_PROMPT_MODIFIER=(base) DEBUGINFOD_URLS=https://debuginfod.ubuntu.com /usr/bin/cmake /home/dmontiel/Desktop/Uni/Modelado/p3/rover_ws/src/urjc-excavation-world -DAMENT_CMAKE_SYMLINK_INSTALL=1 -DCMAKE_INSTALL_PREFIX=/home/dmontiel/Desktop/Uni/Modelado/p3/rover_ws/install/urjc_excavation_world
[3.292s] DEBUG:colcon.colcon_core.event_handler.log_command:Invoking command in '/home/dmontiel/Desktop/Uni/Modelado/p3/rover_ws/build/urjc_excavation_world': CMAKE_PREFIX_PATH=${CMAKE_PREFIX_PATH}:/opt/ros/jazzy CONDA_PROMPT_MODIFIER=(base) DEBUGINFOD_URLS=https://debuginfod.ubuntu.com /usr/bin/cmake --build /home/dmontiel/Desktop/Uni/Modelado/p3/rover_ws/build/urjc_excavation_world -- -j16 -l16
[3.379s] DEBUG:colcon.colcon_core.event_handler.log_command:Invoked command in '/home/dmontiel/Desktop/Uni/Modelado/p3/rover_ws/build/urjc_excavation_world' returned '0': CMAKE_PREFIX_PATH=${CMAKE_PREFIX_PATH}:/opt/ros/jazzy CONDA_PROMPT_MODIFIER=(base) DEBUGINFOD_URLS=https://debuginfod.ubuntu.com /usr/bin/cmake --build /home/dmontiel/Desktop/Uni/Modelado/p3/rover_ws/build/urjc_excavation_world -- -j16 -l16
[3.400s] DEBUG:colcon.colcon_core.event_handler.log_command:Invoking command in '/home/dmontiel/Desktop/Uni/Modelado/p3/rover_ws/build/urjc_excavation_world': CMAKE_PREFIX_PATH=${CMAKE_PREFIX_PATH}:/opt/ros/jazzy CONDA_PROMPT_MODIFIER=(base) DEBUGINFOD_URLS=https://debuginfod.ubuntu.com /usr/bin/cmake --install /home/dmontiel/Desktop/Uni/Modelado/p3/rover_ws/build/urjc_excavation_world
[4.395s] Level 1:colcon.colcon_core.environment:create_environment_scripts_only(urjc_excavation_world)
[4.396s] DEBUG:colcon.colcon_core.event_handler.log_command:Invoked command in '/home/dmontiel/Desktop/Uni/Modelado/p3/rover_ws/build/urjc_excavation_world' returned '0': CMAKE_PREFIX_PATH=${CMAKE_PREFIX_PATH}:/opt/ros/jazzy CONDA_PROMPT_MODIFIER=(base) DEBUGINFOD_URLS=https://debuginfod.ubuntu.com /usr/bin/cmake --install /home/dmontiel/Desktop/Uni/Modelado/p3/rover_ws/build/urjc_excavation_world
[4.403s] Level 1:colcon.colcon_core.environment:checking '/home/dmontiel/Desktop/Uni/Modelado/p3/rover_ws/install/urjc_excavation_world' for CMake module files
[4.404s] Level 1:colcon.colcon_core.environment:checking '/home/dmontiel/Desktop/Uni/Modelado/p3/rover_ws/install/urjc_excavation_world' for CMake config files
[4.405s] Level 1:colcon.colcon_core.shell:create_environment_hook('urjc_excavation_world', 'cmake_prefix_path')
[4.406s] INFO:colcon.colcon_core.shell:Creating environment hook '/home/dmontiel/Desktop/Uni/Modelado/p3/rover_ws/install/urjc_excavation_world/share/urjc_excavation_world/hook/cmake_prefix_path.ps1'
[4.407s] INFO:colcon.colcon_core.shell:Creating environment descriptor '/home/dmontiel/Desktop/Uni/Modelado/p3/rover_ws/install/urjc_excavation_world/share/urjc_excavation_world/hook/cmake_prefix_path.dsv'
[4.408s] INFO:colcon.colcon_core.shell:Creating environment hook '/home/dmontiel/Desktop/Uni/Modelado/p3/rover_ws/install/urjc_excavation_world/share/urjc_excavation_world/hook/cmake_prefix_path.sh'
[4.410s] Level 1:colcon.colcon_core.environment:checking '/home/dmontiel/Desktop/Uni/Modelado/p3/rover_ws/install/urjc_excavation_world/bin'
[4.411s] Level 1:colcon.colcon_core.environment:checking '/home/dmontiel/Desktop/Uni/Modelado/p3/rover_ws/install/urjc_excavation_world/lib/pkgconfig/urjc_excavation_world.pc'
[4.411s] Level 1:colcon.colcon_core.environment:checking '/home/dmontiel/Desktop/Uni/Modelado/p3/rover_ws/install/urjc_excavation_world/lib/python3.12/site-packages'
[4.411s] Level 1:colcon.colcon_core.environment:checking '/home/dmontiel/Desktop/Uni/Modelado/p3/rover_ws/install/urjc_excavation_world/bin'
[4.412s] INFO:colcon.colcon_core.shell:Creating package script '/home/dmontiel/Desktop/Uni/Modelado/p3/rover_ws/install/urjc_excavation_world/share/urjc_excavation_world/package.ps1'
[4.414s] INFO:colcon.colcon_core.shell:Creating package descriptor '/home/dmontiel/Desktop/Uni/Modelado/p3/rover_ws/install/urjc_excavation_world/share/urjc_excavation_world/package.dsv'
[4.416s] INFO:colcon.colcon_core.shell:Creating package script '/home/dmontiel/Desktop/Uni/Modelado/p3/rover_ws/install/urjc_excavation_world/share/urjc_excavation_world/package.sh'
[4.417s] INFO:colcon.colcon_core.shell:Creating package script '/home/dmontiel/Desktop/Uni/Modelado/p3/rover_ws/install/urjc_excavation_world/share/urjc_excavation_world/package.bash'
[4.420s] INFO:colcon.colcon_core.shell:Creating package script '/home/dmontiel/Desktop/Uni/Modelado/p3/rover_ws/install/urjc_excavation_world/share/urjc_excavation_world/package.zsh'
[4.422s] Level 1:colcon.colcon_core.environment:create_file_with_runtime_dependencies(/home/dmontiel/Desktop/Uni/Modelado/p3/rover_ws/install/urjc_excavation_world/share/colcon-core/packages/urjc_excavation_world)
[4.424s] Level 1:colcon.colcon_core.environment:create_environment_scripts_only(urjc_excavation_world)
[4.424s] Level 1:colcon.colcon_core.environment:checking '/home/dmontiel/Desktop/Uni/Modelado/p3/rover_ws/install/urjc_excavation_world' for CMake module files
[4.426s] Level 1:colcon.colcon_core.environment:checking '/home/dmontiel/Desktop/Uni/Modelado/p3/rover_ws/install/urjc_excavation_world' for CMake config files
[4.428s] Level 1:colcon.colcon_core.shell:create_environment_hook('urjc_excavation_world', 'cmake_prefix_path')
[4.428s] INFO:colcon.colcon_core.shell:Creating environment hook '/home/dmontiel/Desktop/Uni/Modelado/p3/rover_ws/install/urjc_excavation_world/share/urjc_excavation_world/hook/cmake_prefix_path.ps1'
[4.429s] INFO:colcon.colcon_core.shell:Creating environment descriptor '/home/dmontiel/Desktop/Uni/Modelado/p3/rover_ws/install/urjc_excavation_world/share/urjc_excavation_world/hook/cmake_prefix_path.dsv'
[4.429s] INFO:colcon.colcon_core.shell:Creating environment hook '/home/dmontiel/Desktop/Uni/Modelado/p3/rover_ws/install/urjc_excavation_world/share/urjc_excavation_world/hook/cmake_prefix_path.sh'
[4.430s] Level 1:colcon.colcon_core.environment:checking '/home/dmontiel/Desktop/Uni/Modelado/p3/rover_ws/install/urjc_excavation_world/bin'
[4.430s] Level 1:colcon.colcon_core.environment:checking '/home/dmontiel/Desktop/Uni/Modelado/p3/rover_ws/install/urjc_excavation_world/lib/pkgconfig/urjc_excavation_world.pc'
[4.431s] Level 1:colcon.colcon_core.environment:checking '/home/dmontiel/Desktop/Uni/Modelado/p3/rover_ws/install/urjc_excavation_world/lib/python3.12/site-packages'
[4.431s] Level 1:colcon.colcon_core.environment:checking '/home/dmontiel/Desktop/Uni/Modelado/p3/rover_ws/install/urjc_excavation_world/bin'
[4.431s] INFO:colcon.colcon_core.shell:Creating package script '/home/dmontiel/Desktop/Uni/Modelado/p3/rover_ws/install/urjc_excavation_world/share/urjc_excavation_world/package.ps1'
[4.433s] INFO:colcon.colcon_core.shell:Creating package descriptor '/home/dmontiel/Desktop/Uni/Modelado/p3/rover_ws/install/urjc_excavation_world/share/urjc_excavation_world/package.dsv'
[4.434s] INFO:colcon.colcon_core.shell:Creating package script '/home/dmontiel/Desktop/Uni/Modelado/p3/rover_ws/install/urjc_excavation_world/share/urjc_excavation_world/package.sh'
[4.435s] INFO:colcon.colcon_core.shell:Creating package script '/home/dmontiel/Desktop/Uni/Modelado/p3/rover_ws/install/urjc_excavation_world/share/urjc_excavation_world/package.bash'
[4.435s] INFO:colcon.colcon_core.shell:Creating package script '/home/dmontiel/Desktop/Uni/Modelado/p3/rover_ws/install/urjc_excavation_world/share/urjc_excavation_world/package.zsh'
[4.437s] Level 1:colcon.colcon_core.environment:create_file_with_runtime_dependencies(/home/dmontiel/Desktop/Uni/Modelado/p3/rover_ws/install/urjc_excavation_world/share/colcon-core/packages/urjc_excavation_world)
[7.621s] DEBUG:colcon.colcon_core.event_handler.log_command:Invoked command in '/home/dmontiel/Desktop/Uni/Modelado/p3/rover_ws/build/msr_robot' returned '0': CMAKE_PREFIX_PATH=${CMAKE_PREFIX_PATH}:/opt/ros/jazzy CONDA_PROMPT_MODIFIER=(base) DEBUGINFOD_URLS=https://debuginfod.ubuntu.com /usr/bin/cmake /home/dmontiel/Desktop/Uni/Modelado/p3/rover_ws/src/msr_robot -DAMENT_CMAKE_SYMLINK_INSTALL=1 -DCMAKE_INSTALL_PREFIX=/home/dmontiel/Desktop/Uni/Modelado/p3/rover_ws/install/msr_robot
[7.623s] DEBUG:colcon.colcon_core.event_handler.log_command:Invoking command in '/home/dmontiel/Desktop/Uni/Modelado/p3/rover_ws/build/msr_robot': CMAKE_PREFIX_PATH=${CMAKE_PREFIX_PATH}:/opt/ros/jazzy CONDA_PROMPT_MODIFIER=(base) DEBUGINFOD_URLS=https://debuginfod.ubuntu.com /usr/bin/cmake --build /home/dmontiel/Desktop/Uni/Modelado/p3/rover_ws/build/msr_robot -- -j16 -l16
[7.684s] DEBUG:colcon.colcon_core.event_handler.log_command:Invoked command in '/home/dmontiel/Desktop/Uni/Modelado/p3/rover_ws/build/msr_robot' returned '0': CMAKE_PREFIX_PATH=${CMAKE_PREFIX_PATH}:/opt/ros/jazzy CONDA_PROMPT_MODIFIER=(base) DEBUGINFOD_URLS=https://debuginfod.ubuntu.com /usr/bin/cmake --build /home/dmontiel/Desktop/Uni/Modelado/p3/rover_ws/build/msr_robot -- -j16 -l16
[7.686s] DEBUG:colcon.colcon_core.event_handler.log_command:Invoking command in '/home/dmontiel/Desktop/Uni/Modelado/p3/rover_ws/build/msr_robot': CMAKE_PREFIX_PATH=${CMAKE_PREFIX_PATH}:/opt/ros/jazzy CONDA_PROMPT_MODIFIER=(base) DEBUGINFOD_URLS=https://debuginfod.ubuntu.com /usr/bin/cmake --install /home/dmontiel/Desktop/Uni/Modelado/p3/rover_ws/build/msr_robot
[8.251s] Level 1:colcon.colcon_core.environment:create_environment_scripts_only(msr_robot)
[8.251s] Level 1:colcon.colcon_core.environment:checking '/home/dmontiel/Desktop/Uni/Modelado/p3/rover_ws/install/msr_robot' for CMake module files
[8.252s] DEBUG:colcon.colcon_core.event_handler.log_command:Invoked command in '/home/dmontiel/Desktop/Uni/Modelado/p3/rover_ws/build/msr_robot' returned '0': CMAKE_PREFIX_PATH=${CMAKE_PREFIX_PATH}:/opt/ros/jazzy CONDA_PROMPT_MODIFIER=(base) DEBUGINFOD_URLS=https://debuginfod.ubuntu.com /usr/bin/cmake --install /home/dmontiel/Desktop/Uni/Modelado/p3/rover_ws/build/msr_robot
[8.253s] Level 1:colcon.colcon_core.environment:checking '/home/dmontiel/Desktop/Uni/Modelado/p3/rover_ws/install/msr_robot' for CMake config files
[8.253s] Level 1:colcon.colcon_core.shell:create_environment_hook('msr_robot', 'cmake_prefix_path')
[8.254s] INFO:colcon.colcon_core.shell:Creating environment hook '/home/dmontiel/Desktop/Uni/Modelado/p3/rover_ws/install/msr_robot/share/msr_robot/hook/cmake_prefix_path.ps1'
[8.254s] INFO:colcon.colcon_core.shell:Creating environment descriptor '/home/dmontiel/Desktop/Uni/Modelado/p3/rover_ws/install/msr_robot/share/msr_robot/hook/cmake_prefix_path.dsv'
[8.254s] INFO:colcon.colcon_core.shell:Creating environment hook '/home/dmontiel/Desktop/Uni/Modelado/p3/rover_ws/install/msr_robot/share/msr_robot/hook/cmake_prefix_path.sh'
[8.255s] Level 1:colcon.colcon_core.environment:checking '/home/dmontiel/Desktop/Uni/Modelado/p3/rover_ws/install/msr_robot/bin'
[8.255s] Level 1:colcon.colcon_core.environment:checking '/home/dmontiel/Desktop/Uni/Modelado/p3/rover_ws/install/msr_robot/lib/pkgconfig/msr_robot.pc'
[8.255s] Level 1:colcon.colcon_core.environment:checking '/home/dmontiel/Desktop/Uni/Modelado/p3/rover_ws/install/msr_robot/lib/python3.12/site-packages'
[8.255s] Level 1:colcon.colcon_core.environment:checking '/home/dmontiel/Desktop/Uni/Modelado/p3/rover_ws/install/msr_robot/bin'
[8.255s] INFO:colcon.colcon_core.shell:Creating package script '/home/dmontiel/Desktop/Uni/Modelado/p3/rover_ws/install/msr_robot/share/msr_robot/package.ps1'
[8.255s] INFO:colcon.colcon_core.shell:Creating package descriptor '/home/dmontiel/Desktop/Uni/Modelado/p3/rover_ws/install/msr_robot/share/msr_robot/package.dsv'
[8.256s] INFO:colcon.colcon_core.shell:Creating package script '/home/dmontiel/Desktop/Uni/Modelado/p3/rover_ws/install/msr_robot/share/msr_robot/package.sh'
[8.256s] INFO:colcon.colcon_core.shell:Creating package script '/home/dmontiel/Desktop/Uni/Modelado/p3/rover_ws/install/msr_robot/share/msr_robot/package.bash'
[8.256s] INFO:colcon.colcon_core.shell:Creating package script '/home/dmontiel/Desktop/Uni/Modelado/p3/rover_ws/install/msr_robot/share/msr_robot/package.zsh'
[8.256s] Level 1:colcon.colcon_core.environment:create_file_with_runtime_dependencies(/home/dmontiel/Desktop/Uni/Modelado/p3/rover_ws/install/msr_robot/share/colcon-core/packages/msr_robot)
[8.257s] Level 1:colcon.colcon_core.environment:create_environment_scripts_only(msr_robot)
[8.257s] Level 1:colcon.colcon_core.environment:checking '/home/dmontiel/Desktop/Uni/Modelado/p3/rover_ws/install/msr_robot' for CMake module files
[8.257s] Level 1:colcon.colcon_core.environment:checking '/home/dmontiel/Desktop/Uni/Modelado/p3/rover_ws/install/msr_robot' for CMake config files
[8.258s] Level 1:colcon.colcon_core.shell:create_environment_hook('msr_robot', 'cmake_prefix_path')
[8.258s] INFO:colcon.colcon_core.shell:Creating environment hook '/home/dmontiel/Desktop/Uni/Modelado/p3/rover_ws/install/msr_robot/share/msr_robot/hook/cmake_prefix_path.ps1'
[8.258s] INFO:colcon.colcon_core.shell:Creating environment descriptor '/home/dmontiel/Desktop/Uni/Modelado/p3/rover_ws/install/msr_robot/share/msr_robot/hook/cmake_prefix_path.dsv'
[8.259s] INFO:colcon.colcon_core.shell:Creating environment hook '/home/dmontiel/Desktop/Uni/Modelado/p3/rover_ws/install/msr_robot/share/msr_robot/hook/cmake_prefix_path.sh'
[8.259s] Level 1:colcon.colcon_core.environment:checking '/home/dmontiel/Desktop/Uni/Modelado/p3/rover_ws/install/msr_robot/bin'
[8.259s] Level 1:colcon.colcon_core.environment:checking '/home/dmontiel/Desktop/Uni/Modelado/p3/rover_ws/install/msr_robot/lib/pkgconfig/msr_robot.pc'
[8.259s] Level 1:colcon.colcon_core.environment:checking '/home/dmontiel/Desktop/Uni/Modelado/p3/rover_ws/install/msr_robot/lib/python3.12/site-packages'
[8.260s] Level 1:colcon.colcon_core.environment:checking '/home/dmontiel/Desktop/Uni/Modelado/p3/rover_ws/install/msr_robot/bin'
[8.260s] INFO:colcon.colcon_core.shell:Creating package script '/home/dmontiel/Desktop/Uni/Modelado/p3/rover_ws/install/msr_robot/share/msr_robot/package.ps1'
[8.260s] INFO:colcon.colcon_core.shell:Creating package descriptor '/home/dmontiel/Desktop/Uni/Modelado/p3/rover_ws/install/msr_robot/share/msr_robot/package.dsv'
[8.260s] INFO:colcon.colcon_core.shell:Creating package script '/home/dmontiel/Desktop/Uni/Modelado/p3/rover_ws/install/msr_robot/share/msr_robot/package.sh'
[8.261s] INFO:colcon.colcon_core.shell:Creating package script '/home/dmontiel/Desktop/Uni/Modelado/p3/rover_ws/install/msr_robot/share/msr_robot/package.bash'
[8.261s] INFO:colcon.colcon_core.shell:Creating package script '/home/dmontiel/Desktop/Uni/Modelado/p3/rover_ws/install/msr_robot/share/msr_robot/package.zsh'
[8.261s] Level 1:colcon.colcon_core.environment:create_file_with_runtime_dependencies(/home/dmontiel/Desktop/Uni/Modelado/p3/rover_ws/install/msr_robot/share/colcon-core/packages/msr_robot)
[8.262s] INFO:colcon.colcon_ros.task.ament_cmake.build:Building ROS package in '/home/dmontiel/Desktop/Uni/Modelado/p3/rover_ws/src/rover_moveit_config' with build type 'ament_cmake'
[8.262s] INFO:colcon.colcon_cmake.task.cmake.build:Building CMake package in '/home/dmontiel/Desktop/Uni/Modelado/p3/rover_ws/src/rover_moveit_config'
[8.262s] INFO:colcon.colcon_core.shell:Skip shell extension 'powershell' for command environment: Not usable outside of PowerShell
[8.262s] DEBUG:colcon.colcon_core.shell:Skip shell extension 'dsv' for command environment
[8.272s] DEBUG:colcon.colcon_core.event_handler.log_command:Invoking command in '/home/dmontiel/Desktop/Uni/Modelado/p3/rover_ws/build/rover_moveit_config': CMAKE_PREFIX_PATH=/home/dmontiel/Desktop/Uni/Modelado/p3/rover_ws/install/msr_robot:/home/dmontiel/Desktop/Uni/Modelado/p3/rover_ws/install/urjc_excavation_world:/home/dmontiel/Desktop/Uni/Modelado/p3/rover_ws/install/rover_moveit_config:/opt/ros/jazzy/opt/gz_sim_vendor:/opt/ros/jazzy/opt/gz_sensors_vendor:/opt/ros/jazzy/opt/gz_physics_vendor:/opt/ros/jazzy/opt/sdformat_vendor:/opt/ros/jazzy/opt/gz_gui_vendor:/opt/ros/jazzy/opt/gz_transport_vendor:/opt/ros/jazzy/opt/gz_rendering_vendor:/opt/ros/jazzy/opt/gz_plugin_vendor:/opt/ros/jazzy/opt/gz_fuel_tools_vendor:/opt/ros/jazzy/opt/gz_msgs_vendor:/opt/ros/jazzy/opt/gz_common_vendor:/opt/ros/jazzy/opt/gz_math_vendor:/opt/ros/jazzy/opt/gz_utils_vendor:/opt/ros/jazzy/opt/gz_tools_vendor:/opt/ros/jazzy/opt/gz_ogre_next_vendor:/opt/ros/jazzy/opt/gz_dartsim_vendor:/opt/ros/jazzy/opt/gz_cmake_vendor:/opt/ros/jazzy CONDA_PROMPT_MODIFIER=(base) DEBUGINFOD_URLS=https://debuginfod.ubuntu.com /usr/bin/cmake /home/dmontiel/Desktop/Uni/Modelado/p3/rover_ws/src/rover_moveit_config -DAMENT_CMAKE_SYMLINK_INSTALL=1 -DCMAKE_INSTALL_PREFIX=/home/dmontiel/Desktop/Uni/Modelado/p3/rover_ws/install/rover_moveit_config
[9.034s] DEBUG:colcon.colcon_core.event_handler.log_command:Invoked command in '/home/dmontiel/Desktop/Uni/Modelado/p3/rover_ws/build/rover_moveit_config' returned '0': CMAKE_PREFIX_PATH=/home/dmontiel/Desktop/Uni/Modelado/p3/rover_ws/install/msr_robot:/home/dmontiel/Desktop/Uni/Modelado/p3/rover_ws/install/urjc_excavation_world:/home/dmontiel/Desktop/Uni/Modelado/p3/rover_ws/install/rover_moveit_config:/opt/ros/jazzy/opt/gz_sim_vendor:/opt/ros/jazzy/opt/gz_sensors_vendor:/opt/ros/jazzy/opt/gz_physics_vendor:/opt/ros/jazzy/opt/sdformat_vendor:/opt/ros/jazzy/opt/gz_gui_vendor:/opt/ros/jazzy/opt/gz_transport_vendor:/opt/ros/jazzy/opt/gz_rendering_vendor:/opt/ros/jazzy/opt/gz_plugin_vendor:/opt/ros/jazzy/opt/gz_fuel_tools_vendor:/opt/ros/jazzy/opt/gz_msgs_vendor:/opt/ros/jazzy/opt/gz_common_vendor:/opt/ros/jazzy/opt/gz_math_vendor:/opt/ros/jazzy/opt/gz_utils_vendor:/opt/ros/jazzy/opt/gz_tools_vendor:/opt/ros/jazzy/opt/gz_ogre_next_vendor:/opt/ros/jazzy/opt/gz_dartsim_vendor:/opt/ros/jazzy/opt/gz_cmake_vendor:/opt/ros/jazzy CONDA_PROMPT_MODIFIER=(base) DEBUGINFOD_URLS=https://debuginfod.ubuntu.com /usr/bin/cmake /home/dmontiel/Desktop/Uni/Modelado/p3/rover_ws/src/rover_moveit_config -DAMENT_CMAKE_SYMLINK_INSTALL=1 -DCMAKE_INSTALL_PREFIX=/home/dmontiel/Desktop/Uni/Modelado/p3/rover_ws/install/rover_moveit_config
[9.035s] DEBUG:colcon.colcon_core.event_handler.log_command:Invoking command in '/home/dmontiel/Desktop/Uni/Modelado/p3/rover_ws/build/rover_moveit_config': CMAKE_PREFIX_PATH=/home/dmontiel/Desktop/Uni/Modelado/p3/rover_ws/install/msr_robot:/home/dmontiel/Desktop/Uni/Modelado/p3/rover_ws/install/urjc_excavation_world:/home/dmontiel/Desktop/Uni/Modelado/p3/rover_ws/install/rover_moveit_config:/opt/ros/jazzy/opt/gz_sim_vendor:/opt/ros/jazzy/opt/gz_sensors_vendor:/opt/ros/jazzy/opt/gz_physics_vendor:/opt/ros/jazzy/opt/sdformat_vendor:/opt/ros/jazzy/opt/gz_gui_vendor:/opt/ros/jazzy/opt/gz_transport_vendor:/opt/ros/jazzy/opt/gz_rendering_vendor:/opt/ros/jazzy/opt/gz_plugin_vendor:/opt/ros/jazzy/opt/gz_fuel_tools_vendor:/opt/ros/jazzy/opt/gz_msgs_vendor:/opt/ros/jazzy/opt/gz_common_vendor:/opt/ros/jazzy/opt/gz_math_vendor:/opt/ros/jazzy/opt/gz_utils_vendor:/opt/ros/jazzy/opt/gz_tools_vendor:/opt/ros/jazzy/opt/gz_ogre_next_vendor:/opt/ros/jazzy/opt/gz_dartsim_vendor:/opt/ros/jazzy/opt/gz_cmake_vendor:/opt/ros/jazzy CONDA_PROMPT_MODIFIER=(base) DEBUGINFOD_URLS=https://debuginfod.ubuntu.com /usr/bin/cmake --build /home/dmontiel/Desktop/Uni/Modelado/p3/rover_ws/build/rover_moveit_config -- -j16 -l16
[9.086s] DEBUG:colcon.colcon_core.event_handler.log_command:Invoked command in '/home/dmontiel/Desktop/Uni/Modelado/p3/rover_ws/build/rover_moveit_config' returned '0': CMAKE_PREFIX_PATH=/home/dmontiel/Desktop/Uni/Modelado/p3/rover_ws/install/msr_robot:/home/dmontiel/Desktop/Uni/Modelado/p3/rover_ws/install/urjc_excavation_world:/home/dmontiel/Desktop/Uni/Modelado/p3/rover_ws/install/rover_moveit_config:/opt/ros/jazzy/opt/gz_sim_vendor:/opt/ros/jazzy/opt/gz_sensors_vendor:/opt/ros/jazzy/opt/gz_physics_vendor:/opt/ros/jazzy/opt/sdformat_vendor:/opt/ros/jazzy/opt/gz_gui_vendor:/opt/ros/jazzy/opt/gz_transport_vendor:/opt/ros/jazzy/opt/gz_rendering_vendor:/opt/ros/jazzy/opt/gz_plugin_vendor:/opt/ros/jazzy/opt/gz_fuel_tools_vendor:/opt/ros/jazzy/opt/gz_msgs_vendor:/opt/ros/jazzy/opt/gz_common_vendor:/opt/ros/jazzy/opt/gz_math_vendor:/opt/ros/jazzy/opt/gz_utils_vendor:/opt/ros/jazzy/opt/gz_tools_vendor:/opt/ros/jazzy/opt/gz_ogre_next_vendor:/opt/ros/jazzy/opt/gz_dartsim_vendor:/opt/ros/jazzy/opt/gz_cmake_vendor:/opt/ros/jazzy CONDA_PROMPT_MODIFIER=(base) DEBUGINFOD_URLS=https://debuginfod.ubuntu.com /usr/bin/cmake --build /home/dmontiel/Desktop/Uni/Modelado/p3/rover_ws/build/rover_moveit_config -- -j16 -l16
[9.087s] DEBUG:colcon.colcon_core.event_handler.log_command:Invoking command in '/home/dmontiel/Desktop/Uni/Modelado/p3/rover_ws/build/rover_moveit_config': CMAKE_PREFIX_PATH=/home/dmontiel/Desktop/Uni/Modelado/p3/rover_ws/install/msr_robot:/home/dmontiel/Desktop/Uni/Modelado/p3/rover_ws/install/urjc_excavation_world:/home/dmontiel/Desktop/Uni/Modelado/p3/rover_ws/install/rover_moveit_config:/opt/ros/jazzy/opt/gz_sim_vendor:/opt/ros/jazzy/opt/gz_sensors_vendor:/opt/ros/jazzy/opt/gz_physics_vendor:/opt/ros/jazzy/opt/sdformat_vendor:/opt/ros/jazzy/opt/gz_gui_vendor:/opt/ros/jazzy/opt/gz_transport_vendor:/opt/ros/jazzy/opt/gz_rendering_vendor:/opt/ros/jazzy/opt/gz_plugin_vendor:/opt/ros/jazzy/opt/gz_fuel_tools_vendor:/opt/ros/jazzy/opt/gz_msgs_vendor:/opt/ros/jazzy/opt/gz_common_vendor:/opt/ros/jazzy/opt/gz_math_vendor:/opt/ros/jazzy/opt/gz_utils_vendor:/opt/ros/jazzy/opt/gz_tools_vendor:/opt/ros/jazzy/opt/gz_ogre_next_vendor:/opt/ros/jazzy/opt/gz_dartsim_vendor:/opt/ros/jazzy/opt/gz_cmake_vendor:/opt/ros/jazzy CONDA_PROMPT_MODIFIER=(base) DEBUGINFOD_URLS=https://debuginfod.ubuntu.com /usr/bin/cmake --install /home/dmontiel/Desktop/Uni/Modelado/p3/rover_ws/build/rover_moveit_config
[9.499s] Level 1:colcon.colcon_core.environment:create_environment_scripts_only(rover_moveit_config)
[9.500s] Level 1:colcon.colcon_core.environment:checking '/home/dmontiel/Desktop/Uni/Modelado/p3/rover_ws/install/rover_moveit_config' for CMake module files
[9.500s] DEBUG:colcon.colcon_core.event_handler.log_command:Invoked command in '/home/dmontiel/Desktop/Uni/Modelado/p3/rover_ws/build/rover_moveit_config' returned '0': CMAKE_PREFIX_PATH=/home/dmontiel/Desktop/Uni/Modelado/p3/rover_ws/install/msr_robot:/home/dmontiel/Desktop/Uni/Modelado/p3/rover_ws/install/urjc_excavation_world:/home/dmontiel/Desktop/Uni/Modelado/p3/rover_ws/install/rover_moveit_config:/opt/ros/jazzy/opt/gz_sim_vendor:/opt/ros/jazzy/opt/gz_sensors_vendor:/opt/ros/jazzy/opt/gz_physics_vendor:/opt/ros/jazzy/opt/sdformat_vendor:/opt/ros/jazzy/opt/gz_gui_vendor:/opt/ros/jazzy/opt/gz_transport_vendor:/opt/ros/jazzy/opt/gz_rendering_vendor:/opt/ros/jazzy/opt/gz_plugin_vendor:/opt/ros/jazzy/opt/gz_fuel_tools_vendor:/opt/ros/jazzy/opt/gz_msgs_vendor:/opt/ros/jazzy/opt/gz_common_vendor:/opt/ros/jazzy/opt/gz_math_vendor:/opt/ros/jazzy/opt/gz_utils_vendor:/opt/ros/jazzy/opt/gz_tools_vendor:/opt/ros/jazzy/opt/gz_ogre_next_vendor:/opt/ros/jazzy/opt/gz_dartsim_vendor:/opt/ros/jazzy/opt/gz_cmake_vendor:/opt/ros/jazzy CONDA_PROMPT_MODIFIER=(base) DEBUGINFOD_URLS=https://debuginfod.ubuntu.com /usr/bin/cmake --install /home/dmontiel/Desktop/Uni/Modelado/p3/rover_ws/build/rover_moveit_config
[9.501s] Level 1:colcon.colcon_core.environment:checking '/home/dmontiel/Desktop/Uni/Modelado/p3/rover_ws/install/rover_moveit_config' for CMake config files
[9.501s] Level 1:colcon.colcon_core.shell:create_environment_hook('rover_moveit_config', 'cmake_prefix_path')
[9.501s] INFO:colcon.colcon_core.shell:Creating environment hook '/home/dmontiel/Desktop/Uni/Modelado/p3/rover_ws/install/rover_moveit_config/share/rover_moveit_config/hook/cmake_prefix_path.ps1'
[9.502s] INFO:colcon.colcon_core.shell:Creating environment descriptor '/home/dmontiel/Desktop/Uni/Modelado/p3/rover_ws/install/rover_moveit_config/share/rover_moveit_config/hook/cmake_prefix_path.dsv'
[9.502s] INFO:colcon.colcon_core.shell:Creating environment hook '/home/dmontiel/Desktop/Uni/Modelado/p3/rover_ws/install/rover_moveit_config/share/rover_moveit_config/hook/cmake_prefix_path.sh'
[9.503s] Level 1:colcon.colcon_core.environment:checking '/home/dmontiel/Desktop/Uni/Modelado/p3/rover_ws/install/rover_moveit_config/bin'
[9.503s] Level 1:colcon.colcon_core.environment:checking '/home/dmontiel/Desktop/Uni/Modelado/p3/rover_ws/install/rover_moveit_config/lib/pkgconfig/rover_moveit_config.pc'
[9.503s] Level 1:colcon.colcon_core.environment:checking '/home/dmontiel/Desktop/Uni/Modelado/p3/rover_ws/install/rover_moveit_config/lib/python3.12/site-packages'
[9.503s] Level 1:colcon.colcon_core.environment:checking '/home/dmontiel/Desktop/Uni/Modelado/p3/rover_ws/install/rover_moveit_config/bin'
[9.503s] INFO:colcon.colcon_core.shell:Creating package script '/home/dmontiel/Desktop/Uni/Modelado/p3/rover_ws/install/rover_moveit_config/share/rover_moveit_config/package.ps1'
[9.504s] INFO:colcon.colcon_core.shell:Creating package descriptor '/home/dmontiel/Desktop/Uni/Modelado/p3/rover_ws/install/rover_moveit_config/share/rover_moveit_config/package.dsv'
[9.504s] INFO:colcon.colcon_core.shell:Creating package script '/home/dmontiel/Desktop/Uni/Modelado/p3/rover_ws/install/rover_moveit_config/share/rover_moveit_config/package.sh'
[9.504s] INFO:colcon.colcon_core.shell:Creating package script '/home/dmontiel/Desktop/Uni/Modelado/p3/rover_ws/install/rover_moveit_config/share/rover_moveit_config/package.bash'
[9.505s] INFO:colcon.colcon_core.shell:Creating package script '/home/dmontiel/Desktop/Uni/Modelado/p3/rover_ws/install/rover_moveit_config/share/rover_moveit_config/package.zsh'
[9.505s] Level 1:colcon.colcon_core.environment:create_file_with_runtime_dependencies(/home/dmontiel/Desktop/Uni/Modelado/p3/rover_ws/install/rover_moveit_config/share/colcon-core/packages/rover_moveit_config)
[9.505s] Level 1:colcon.colcon_core.environment:create_environment_scripts_only(rover_moveit_config)
[9.505s] Level 1:colcon.colcon_core.environment:checking '/home/dmontiel/Desktop/Uni/Modelado/p3/rover_ws/install/rover_moveit_config' for CMake module files
[9.506s] Level 1:colcon.colcon_core.environment:checking '/home/dmontiel/Desktop/Uni/Modelado/p3/rover_ws/install/rover_moveit_config' for CMake config files
[9.506s] Level 1:colcon.colcon_core.shell:create_environment_hook('rover_moveit_config', 'cmake_prefix_path')
[9.506s] INFO:colcon.colcon_core.shell:Creating environment hook '/home/dmontiel/Desktop/Uni/Modelado/p3/rover_ws/install/rover_moveit_config/share/rover_moveit_config/hook/cmake_prefix_path.ps1'
[9.507s] INFO:colcon.colcon_core.shell:Creating environment descriptor '/home/dmontiel/Desktop/Uni/Modelado/p3/rover_ws/install/rover_moveit_config/share/rover_moveit_config/hook/cmake_prefix_path.dsv'
[9.507s] INFO:colcon.colcon_core.shell:Creating environment hook '/home/dmontiel/Desktop/Uni/Modelado/p3/rover_ws/install/rover_moveit_config/share/rover_moveit_config/hook/cmake_prefix_path.sh'
[9.507s] Level 1:colcon.colcon_core.environment:checking '/home/dmontiel/Desktop/Uni/Modelado/p3/rover_ws/install/rover_moveit_config/bin'
[9.507s] Level 1:colcon.colcon_core.environment:checking '/home/dmontiel/Desktop/Uni/Modelado/p3/rover_ws/install/rover_moveit_config/lib/pkgconfig/rover_moveit_config.pc'
[9.508s] Level 1:colcon.colcon_core.environment:checking '/home/dmontiel/Desktop/Uni/Modelado/p3/rover_ws/install/rover_moveit_config/lib/python3.12/site-packages'
[9.508s] Level 1:colcon.colcon_core.environment:checking '/home/dmontiel/Desktop/Uni/Modelado/p3/rover_ws/install/rover_moveit_config/bin'
[9.508s] INFO:colcon.colcon_core.shell:Creating package script '/home/dmontiel/Desktop/Uni/Modelado/p3/rover_ws/install/rover_moveit_config/share/rover_moveit_config/package.ps1'
[9.508s] INFO:colcon.colcon_core.shell:Creating package descriptor '/home/dmontiel/Desktop/Uni/Modelado/p3/rover_ws/install/rover_moveit_config/share/rover_moveit_config/package.dsv'
[9.509s] INFO:colcon.colcon_core.shell:Creating package script '/home/dmontiel/Desktop/Uni/Modelado/p3/rover_ws/install/rover_moveit_config/share/rover_moveit_config/package.sh'
[9.509s] INFO:colcon.colcon_core.shell:Creating package script '/home/dmontiel/Desktop/Uni/Modelado/p3/rover_ws/install/rover_moveit_config/share/rover_moveit_config/package.bash'
[9.509s] INFO:colcon.colcon_core.shell:Creating package script '/home/dmontiel/Desktop/Uni/Modelado/p3/rover_ws/install/rover_moveit_config/share/rover_moveit_config/package.zsh'
[9.510s] Level 1:colcon.colcon_core.environment:create_file_with_runtime_dependencies(/home/dmontiel/Desktop/Uni/Modelado/p3/rover_ws/install/rover_moveit_config/share/colcon-core/packages/rover_moveit_config)
[9.510s] DEBUG:colcon.colcon_parallel_executor.executor.parallel:closing loop
[9.510s] DEBUG:colcon.colcon_parallel_executor.executor.parallel:loop closed
[9.510s] DEBUG:colcon.colcon_parallel_executor.executor.parallel:run_until_complete finished with '0'
[9.511s] DEBUG:colcon.colcon_core.event_reactor:joining thread
[9.517s] INFO:colcon.colcon_core.plugin_system:Skipping extension 'colcon_notification.desktop_notification.terminal_notifier': Not used on non-Darwin systems
[9.517s] INFO:colcon.colcon_core.plugin_system:Skipping extension 'colcon_notification.desktop_notification.win32': Not used on non-Windows systems
[9.517s] INFO:colcon.colcon_notification.desktop_notification:Sending desktop notification using 'notify2'
[9.535s] DEBUG:colcon.colcon_core.event_reactor:joined thread
[9.535s] INFO:colcon.colcon_core.shell:Creating prefix script '/home/dmontiel/Desktop/Uni/Modelado/p3/rover_ws/install/local_setup.ps1'
[9.537s] INFO:colcon.colcon_core.shell:Creating prefix util module '/home/dmontiel/Desktop/Uni/Modelado/p3/rover_ws/install/_local_setup_util_ps1.py'
[9.538s] INFO:colcon.colcon_core.shell:Creating prefix chain script '/home/dmontiel/Desktop/Uni/Modelado/p3/rover_ws/install/setup.ps1'
[9.540s] INFO:colcon.colcon_core.shell:Creating prefix script '/home/dmontiel/Desktop/Uni/Modelado/p3/rover_ws/install/local_setup.sh'
[9.541s] INFO:colcon.colcon_core.shell:Creating prefix util module '/home/dmontiel/Desktop/Uni/Modelado/p3/rover_ws/install/_local_setup_util_sh.py'
[9.542s] INFO:colcon.colcon_core.shell:Creating prefix chain script '/home/dmontiel/Desktop/Uni/Modelado/p3/rover_ws/install/setup.sh'
[9.543s] INFO:colcon.colcon_core.shell:Creating prefix script '/home/dmontiel/Desktop/Uni/Modelado/p3/rover_ws/install/local_setup.bash'
[9.544s] INFO:colcon.colcon_core.shell:Creating prefix chain script '/home/dmontiel/Desktop/Uni/Modelado/p3/rover_ws/install/setup.bash'
[9.546s] INFO:colcon.colcon_core.shell:Creating prefix script '/home/dmontiel/Desktop/Uni/Modelado/p3/rover_ws/install/local_setup.zsh'
[9.546s] INFO:colcon.colcon_core.shell:Creating prefix chain script '/home/dmontiel/Desktop/Uni/Modelado/p3/rover_ws/install/setup.zsh'
