-- Install configuration: ""
-- Execute custom install script
-- Up-to-date symlink: /home/dmontiel/Desktop/Uni/Modelado/p3/rover_ws/install/msr_robot/share/msr_robot/urdf/arm/gripper.urdf.xacro
-- Up-to-date symlink: /home/dmontiel/Desktop/Uni/Modelado/p3/rover_ws/install/msr_robot/share/msr_robot/urdf/arm/scara.urdf.xacro
-- Up-to-date symlink: /home/dmontiel/Desktop/Uni/Modelado/p3/rover_ws/install/msr_robot/share/msr_robot/urdf/base/rover_base.urdf.xacro
-- Up-to-date symlink: /home/dmontiel/Desktop/Uni/Modelado/p3/rover_ws/install/msr_robot/share/msr_robot/urdf/ros2_control.urdf.xacro
-- Up-to-date symlink: /home/dmontiel/Desktop/Uni/Modelado/p3/rover_ws/install/msr_robot/share/msr_robot/urdf/sensors/camera.urdf.xacro
-- Up-to-date symlink: /home/dmontiel/Desktop/Uni/Modelado/p3/rover_ws/install/msr_robot/share/msr_robot/urdf/sensors/imu_sensor.urdf.xacro
-- Up-to-date symlink: /home/dmontiel/Desktop/Uni/Modelado/p3/rover_ws/install/msr_robot/share/msr_robot/urdf/utils/utils.urdf.xacro
-- Up-to-date symlink: /home/dmontiel/Desktop/Uni/Modelado/p3/rover_ws/install/msr_robot/share/msr_robot/urdf/wheels/rover_wheel.urdf.xacro
-- Up-to-date symlink: /home/dmontiel/Desktop/Uni/Modelado/p3/rover_ws/install/msr_robot/share/msr_robot/launch/robot_controllers.launch.py
-- Up-to-date symlink: /home/dmontiel/Desktop/Uni/Modelado/p3/rover_ws/install/msr_robot/share/msr_robot/launch/robot_gazebo.launch.py
-- Up-to-date symlink: /home/dmontiel/Desktop/Uni/Modelado/p3/rover_ws/install/msr_robot/share/msr_robot/launch/robot_state_publisher.launch.py
-- Up-to-date symlink: /home/dmontiel/Desktop/Uni/Modelado/p3/rover_ws/install/msr_robot/share/msr_robot/config/rover_bridge.yaml
-- Up-to-date symlink: /home/dmontiel/Desktop/Uni/Modelado/p3/rover_ws/install/msr_robot/share/msr_robot/config/rover_controllers.yaml
-- Up-to-date symlink: /home/dmontiel/Desktop/Uni/Modelado/p3/rover_ws/install/msr_robot/share/msr_robot/robots/rover.urdf.xacro
-- Up-to-date symlink: /home/dmontiel/Desktop/Uni/Modelado/p3/rover_ws/install/msr_robot/share/msr_robot/meshes/dae/Cube.dae
-- Up-to-date symlink: /home/dmontiel/Desktop/Uni/Modelado/p3/rover_ws/install/msr_robot/share/msr_robot/meshes/dae/Cube.dae_history.log
-- Up-to-date symlink: /home/dmontiel/Desktop/Uni/Modelado/p3/rover_ws/install/msr_robot/share/msr_robot/meshes/dae/Cylinder.031.dae
-- Up-to-date symlink: /home/dmontiel/Desktop/Uni/Modelado/p3/rover_ws/install/msr_robot/share/msr_robot/meshes/dae/Cylinder.031.dae_history.log
-- Up-to-date symlink: /home/dmontiel/Desktop/Uni/Modelado/p3/rover_ws/install/msr_robot/share/msr_robot/meshes/dae/Cylinder.035.dae
-- Up-to-date symlink: /home/dmontiel/Desktop/Uni/Modelado/p3/rover_ws/install/msr_robot/share/msr_robot/meshes/dae/Cylinder.035.dae_history.log
-- Up-to-date symlink: /home/dmontiel/Desktop/Uni/Modelado/p3/rover_ws/install/msr_robot/share/msr_robot/meshes/dae/Torus.001.dae
-- Up-to-date symlink: /home/dmontiel/Desktop/Uni/Modelado/p3/rover_ws/install/msr_robot/share/msr_robot/meshes/dae/Torus.001.dae_history.log
-- Up-to-date symlink: /home/dmontiel/Desktop/Uni/Modelado/p3/rover_ws/install/msr_robot/share/msr_robot/meshes/dae/Torus.002.dae
-- Up-to-date symlink: /home/dmontiel/Desktop/Uni/Modelado/p3/rover_ws/install/msr_robot/share/msr_robot/meshes/dae/Torus.002.dae_history.log
-- Up-to-date symlink: /home/dmontiel/Desktop/Uni/Modelado/p3/rover_ws/install/msr_robot/share/msr_robot/meshes/dae/Torus.003.dae
-- Up-to-date symlink: /home/dmontiel/Desktop/Uni/Modelado/p3/rover_ws/install/msr_robot/share/msr_robot/meshes/dae/Torus.003.dae_history.log
-- Up-to-date symlink: /home/dmontiel/Desktop/Uni/Modelado/p3/rover_ws/install/msr_robot/share/msr_robot/meshes/dae/Torus.004.dae
-- Up-to-date symlink: /home/dmontiel/Desktop/Uni/Modelado/p3/rover_ws/install/msr_robot/share/msr_robot/meshes/dae/Torus.004.dae_history.log
-- Up-to-date symlink: /home/dmontiel/Desktop/Uni/Modelado/p3/rover_ws/install/msr_robot/share/msr_robot/meshes/dae/Torus.005.dae
-- Up-to-date symlink: /home/dmontiel/Desktop/Uni/Modelado/p3/rover_ws/install/msr_robot/share/msr_robot/meshes/dae/Torus.005.dae_history.log
-- Up-to-date symlink: /home/dmontiel/Desktop/Uni/Modelado/p3/rover_ws/install/msr_robot/share/msr_robot/meshes/dae/Torus.dae
-- Up-to-date symlink: /home/dmontiel/Desktop/Uni/Modelado/p3/rover_ws/install/msr_robot/share/msr_robot/meshes/dae/Torus.dae_history.log
-- Up-to-date symlink: /home/dmontiel/Desktop/Uni/Modelado/p3/rover_ws/install/msr_robot/share/ament_index/resource_index/package_run_dependencies/msr_robot
-- Up-to-date symlink: /home/dmontiel/Desktop/Uni/Modelado/p3/rover_ws/install/msr_robot/share/ament_index/resource_index/parent_prefix_path/msr_robot
-- Up-to-date symlink: /home/dmontiel/Desktop/Uni/Modelado/p3/rover_ws/install/msr_robot/share/msr_robot/environment/ament_prefix_path.sh
-- Up-to-date symlink: /home/dmontiel/Desktop/Uni/Modelado/p3/rover_ws/install/msr_robot/share/msr_robot/environment/ament_prefix_path.dsv
-- Up-to-date symlink: /home/dmontiel/Desktop/Uni/Modelado/p3/rover_ws/install/msr_robot/share/msr_robot/environment/path.sh
-- Up-to-date symlink: /home/dmontiel/Desktop/Uni/Modelado/p3/rover_ws/install/msr_robot/share/msr_robot/environment/path.dsv
-- Up-to-date symlink: /home/dmontiel/Desktop/Uni/Modelado/p3/rover_ws/install/msr_robot/share/msr_robot/local_setup.bash
-- Up-to-date symlink: /home/dmontiel/Desktop/Uni/Modelado/p3/rover_ws/install/msr_robot/share/msr_robot/local_setup.sh
-- Up-to-date symlink: /home/dmontiel/Desktop/Uni/Modelado/p3/rover_ws/install/msr_robot/share/msr_robot/local_setup.zsh
-- Up-to-date symlink: /home/dmontiel/Desktop/Uni/Modelado/p3/rover_ws/install/msr_robot/share/msr_robot/local_setup.dsv
-- Symlinking: /home/dmontiel/Desktop/Uni/Modelado/p3/rover_ws/install/msr_robot/share/msr_robot/package.dsv
-- Up-to-date symlink: /home/dmontiel/Desktop/Uni/Modelado/p3/rover_ws/install/msr_robot/share/ament_index/resource_index/packages/msr_robot
-- Up-to-date symlink: /home/dmontiel/Desktop/Uni/Modelado/p3/rover_ws/install/msr_robot/share/msr_robot/cmake/msr_robotConfig.cmake
-- Up-to-date symlink: /home/dmontiel/Desktop/Uni/Modelado/p3/rover_ws/install/msr_robot/share/msr_robot/cmake/msr_robotConfig-version.cmake
-- Up-to-date symlink: /home/dmontiel/Desktop/Uni/Modelado/p3/rover_ws/install/msr_robot/share/msr_robot/package.xml
