[0.189s] DEBUG:colcon:Command line arguments: ['/usr/bin/colcon', 'build', '--symlink-install']
[0.189s] DEBUG:colcon:Parsed command line arguments: Namespace(log_base=None, log_level=None, verb_name='build', build_base='build', install_base='install', merge_install=False, symlink_install=True, test_result_base=None, continue_on_error=False, executor='parallel', parallel_workers=16, event_handlers=None, ignore_user_meta=False, metas=['./colcon.meta'], base_paths=['.'], packages_ignore=None, packages_ignore_regex=None, paths=None, packages_up_to=None, packages_up_to_regex=None, packages_above=None, packages_above_and_dependencies=None, packages_above_depth=None, packages_select_by_dep=None, packages_skip_by_dep=None, packages_skip_up_to=None, packages_select_build_failed=False, packages_skip_build_finished=False, packages_select_test_failures=False, packages_skip_test_passed=False, packages_select=None, packages_skip=None, packages_select_regex=None, packages_skip_regex=None, packages_start=None, packages_end=None, allow_overriding=[], cmake_args=None, cmake_target=None, cmake_target_skip_unavailable=False, cmake_clean_cache=False, cmake_clean_first=False, cmake_force_configure=False, ament_cmake_args=None, catkin_cmake_args=None, catkin_skip_building_tests=False, mixin_files=None, mixin=None, verb_parser=<colcon_mixin.mixin.mixin_argument.MixinArgumentDecorator object at 0x780b679a8bc0>, verb_extension=<colcon_core.verb.build.BuildVerb object at 0x780b679a8920>, main=<bound method BuildVerb.main of <colcon_core.verb.build.BuildVerb object at 0x780b679a8920>>, mixin_verb=('build',))
[0.261s] Level 1:colcon.colcon_core.package_discovery:discover_packages(colcon_meta) check parameters
[0.261s] Level 1:colcon.colcon_core.package_discovery:discover_packages(recursive) check parameters
[0.261s] Level 1:colcon.colcon_core.package_discovery:discover_packages(ignore) check parameters
[0.261s] Level 1:colcon.colcon_core.package_discovery:discover_packages(path) check parameters
[0.261s] Level 1:colcon.colcon_core.package_discovery:discover_packages(colcon_meta) discover
[0.261s] Level 1:colcon.colcon_core.package_discovery:discover_packages(recursive) discover
[0.262s] INFO:colcon.colcon_core.package_discovery:Crawling recursively for packages in '/home/dmontiel/Desktop/Uni/Modelado/p3/rover_ws'
[0.262s] Level 1:colcon.colcon_core.package_identification:_identify(.) by extensions ['ignore', 'ignore_ament_install']
[0.262s] Level 1:colcon.colcon_core.package_identification:_identify(.) by extension 'ignore'
[0.262s] Level 1:colcon.colcon_core.package_identification:_identify(.) by extension 'ignore_ament_install'
[0.262s] Level 1:colcon.colcon_core.package_identification:_identify(.) by extensions ['colcon_pkg']
[0.262s] Level 1:colcon.colcon_core.package_identification:_identify(.) by extension 'colcon_pkg'
[0.262s] Level 1:colcon.colcon_core.package_identification:_identify(.) by extensions ['colcon_meta']
[0.262s] Level 1:colcon.colcon_core.package_identification:_identify(.) by extension 'colcon_meta'
[0.262s] Level 1:colcon.colcon_core.package_identification:_identify(.) by extensions ['ros']
[0.262s] Level 1:colcon.colcon_core.package_identification:_identify(.) by extension 'ros'
[0.308s] Level 1:colcon.colcon_core.package_identification:_identify(.) by extensions ['cmake', 'python']
[0.308s] Level 1:colcon.colcon_core.package_identification:_identify(.) by extension 'cmake'
[0.308s] Level 1:colcon.colcon_core.package_identification:_identify(.) by extension 'python'
[0.308s] Level 1:colcon.colcon_core.package_identification:_identify(.) by extensions ['python_setup_py']
[0.308s] Level 1:colcon.colcon_core.package_identification:_identify(.) by extension 'python_setup_py'
[0.308s] Level 1:colcon.colcon_core.package_identification:_identify(build) by extensions ['ignore', 'ignore_ament_install']
[0.309s] Level 1:colcon.colcon_core.package_identification:_identify(build) by extension 'ignore'
[0.309s] Level 1:colcon.colcon_core.package_identification:_identify(build) ignored
[0.309s] Level 1:colcon.colcon_core.package_identification:_identify(install) by extensions ['ignore', 'ignore_ament_install']
[0.309s] Level 1:colcon.colcon_core.package_identification:_identify(install) by extension 'ignore'
[0.309s] Level 1:colcon.colcon_core.package_identification:_identify(install) ignored
[0.309s] Level 1:colcon.colcon_core.package_identification:_identify(log) by extensions ['ignore', 'ignore_ament_install']
[0.309s] Level 1:colcon.colcon_core.package_identification:_identify(log) by extension 'ignore'
[0.309s] Level 1:colcon.colcon_core.package_identification:_identify(log) ignored
[0.310s] Level 1:colcon.colcon_core.package_identification:_identify(src) by extensions ['ignore', 'ignore_ament_install']
[0.310s] Level 1:colcon.colcon_core.package_identification:_identify(src) by extension 'ignore'
[0.310s] Level 1:colcon.colcon_core.package_identification:_identify(src) by extension 'ignore_ament_install'
[0.310s] Level 1:colcon.colcon_core.package_identification:_identify(src) by extensions ['colcon_pkg']
[0.310s] Level 1:colcon.colcon_core.package_identification:_identify(src) by extension 'colcon_pkg'
[0.310s] Level 1:colcon.colcon_core.package_identification:_identify(src) by extensions ['colcon_meta']
[0.310s] Level 1:colcon.colcon_core.package_identification:_identify(src) by extension 'colcon_meta'
[0.310s] Level 1:colcon.colcon_core.package_identification:_identify(src) by extensions ['ros']
[0.310s] Level 1:colcon.colcon_core.package_identification:_identify(src) by extension 'ros'
[0.310s] Level 1:colcon.colcon_core.package_identification:_identify(src) by extensions ['cmake', 'python']
[0.310s] Level 1:colcon.colcon_core.package_identification:_identify(src) by extension 'cmake'
[0.310s] Level 1:colcon.colcon_core.package_identification:_identify(src) by extension 'python'
[0.311s] Level 1:colcon.colcon_core.package_identification:_identify(src) by extensions ['python_setup_py']
[0.311s] Level 1:colcon.colcon_core.package_identification:_identify(src) by extension 'python_setup_py'
[0.311s] Level 1:colcon.colcon_core.package_identification:_identify(src/msr_robot) by extensions ['ignore', 'ignore_ament_install']
[0.311s] Level 1:colcon.colcon_core.package_identification:_identify(src/msr_robot) by extension 'ignore'
[0.311s] Level 1:colcon.colcon_core.package_identification:_identify(src/msr_robot) by extension 'ignore_ament_install'
[0.311s] Level 1:colcon.colcon_core.package_identification:_identify(src/msr_robot) by extensions ['colcon_pkg']
[0.311s] Level 1:colcon.colcon_core.package_identification:_identify(src/msr_robot) by extension 'colcon_pkg'
[0.311s] Level 1:colcon.colcon_core.package_identification:_identify(src/msr_robot) by extensions ['colcon_meta']
[0.311s] Level 1:colcon.colcon_core.package_identification:_identify(src/msr_robot) by extension 'colcon_meta'
[0.311s] Level 1:colcon.colcon_core.package_identification:_identify(src/msr_robot) by extensions ['ros']
[0.311s] Level 1:colcon.colcon_core.package_identification:_identify(src/msr_robot) by extension 'ros'
[0.316s] DEBUG:colcon.colcon_core.package_identification:Package 'src/msr_robot' with type 'ros.ament_cmake' and name 'msr_robot'
[0.316s] Level 1:colcon.colcon_core.package_identification:_identify(src/rover_moveit_config) by extensions ['ignore', 'ignore_ament_install']
[0.316s] Level 1:colcon.colcon_core.package_identification:_identify(src/rover_moveit_config) by extension 'ignore'
[0.316s] Level 1:colcon.colcon_core.package_identification:_identify(src/rover_moveit_config) by extension 'ignore_ament_install'
[0.316s] Level 1:colcon.colcon_core.package_identification:_identify(src/rover_moveit_config) by extensions ['colcon_pkg']
[0.316s] Level 1:colcon.colcon_core.package_identification:_identify(src/rover_moveit_config) by extension 'colcon_pkg'
[0.316s] Level 1:colcon.colcon_core.package_identification:_identify(src/rover_moveit_config) by extensions ['colcon_meta']
[0.316s] Level 1:colcon.colcon_core.package_identification:_identify(src/rover_moveit_config) by extension 'colcon_meta'
[0.316s] Level 1:colcon.colcon_core.package_identification:_identify(src/rover_moveit_config) by extensions ['ros']
[0.317s] Level 1:colcon.colcon_core.package_identification:_identify(src/rover_moveit_config) by extension 'ros'
[0.318s] DEBUG:colcon.colcon_core.package_identification:Package 'src/rover_moveit_config' with type 'ros.ament_cmake' and name 'rover_moveit_config'
[0.318s] Level 1:colcon.colcon_core.package_identification:_identify(src/urjc-excavation-world) by extensions ['ignore', 'ignore_ament_install']
[0.318s] Level 1:colcon.colcon_core.package_identification:_identify(src/urjc-excavation-world) by extension 'ignore'
[0.318s] Level 1:colcon.colcon_core.package_identification:_identify(src/urjc-excavation-world) by extension 'ignore_ament_install'
[0.318s] Level 1:colcon.colcon_core.package_identification:_identify(src/urjc-excavation-world) by extensions ['colcon_pkg']
[0.318s] Level 1:colcon.colcon_core.package_identification:_identify(src/urjc-excavation-world) by extension 'colcon_pkg'
[0.318s] Level 1:colcon.colcon_core.package_identification:_identify(src/urjc-excavation-world) by extensions ['colcon_meta']
[0.318s] Level 1:colcon.colcon_core.package_identification:_identify(src/urjc-excavation-world) by extension 'colcon_meta'
[0.319s] Level 1:colcon.colcon_core.package_identification:_identify(src/urjc-excavation-world) by extensions ['ros']
[0.319s] Level 1:colcon.colcon_core.package_identification:_identify(src/urjc-excavation-world) by extension 'ros'
[0.319s] DEBUG:colcon.colcon_core.package_identification:Package 'src/urjc-excavation-world' with type 'ros.ament_cmake' and name 'urjc_excavation_world'
[0.320s] Level 1:colcon.colcon_core.package_discovery:discover_packages(recursive) using defaults
[0.320s] Level 1:colcon.colcon_core.package_discovery:discover_packages(ignore) discover
[0.320s] Level 1:colcon.colcon_core.package_discovery:discover_packages(ignore) using defaults
[0.320s] Level 1:colcon.colcon_core.package_discovery:discover_packages(path) discover
[0.320s] Level 1:colcon.colcon_core.package_discovery:discover_packages(path) using defaults
[0.350s] Level 1:colcon.colcon_core.package_discovery:discover_packages(prefix_path) check parameters
[0.350s] Level 1:colcon.colcon_core.package_discovery:discover_packages(prefix_path) discover
[0.353s] DEBUG:colcon.colcon_installed_package_information.package_discovery:Found 3 installed packages in /home/dmontiel/Desktop/Uni/Modelado/p3/rover_ws/install
[0.357s] DEBUG:colcon.colcon_installed_package_information.package_discovery:Found 440 installed packages in /opt/ros/jazzy
[0.360s] Level 1:colcon.colcon_core.package_discovery:discover_packages(prefix_path) using defaults
[0.463s] Level 5:colcon.colcon_core.verb:set package 'msr_robot' build argument 'cmake_args' from command line to 'None'
[0.463s] Level 5:colcon.colcon_core.verb:set package 'msr_robot' build argument 'cmake_target' from command line to 'None'
[0.463s] Level 5:colcon.colcon_core.verb:set package 'msr_robot' build argument 'cmake_target_skip_unavailable' from command line to 'False'
[0.463s] Level 5:colcon.colcon_core.verb:set package 'msr_robot' build argument 'cmake_clean_cache' from command line to 'False'
[0.463s] Level 5:colcon.colcon_core.verb:set package 'msr_robot' build argument 'cmake_clean_first' from command line to 'False'
[0.463s] Level 5:colcon.colcon_core.verb:set package 'msr_robot' build argument 'cmake_force_configure' from command line to 'False'
[0.463s] Level 5:colcon.colcon_core.verb:set package 'msr_robot' build argument 'ament_cmake_args' from command line to 'None'
[0.463s] Level 5:colcon.colcon_core.verb:set package 'msr_robot' build argument 'catkin_cmake_args' from command line to 'None'
[0.463s] Level 5:colcon.colcon_core.verb:set package 'msr_robot' build argument 'catkin_skip_building_tests' from command line to 'False'
[0.463s] DEBUG:colcon.colcon_core.verb:Building package 'msr_robot' with the following arguments: {'ament_cmake_args': None, 'build_base': '/home/dmontiel/Desktop/Uni/Modelado/p3/rover_ws/build/msr_robot', 'catkin_cmake_args': None, 'catkin_skip_building_tests': False, 'cmake_args': None, 'cmake_clean_cache': False, 'cmake_clean_first': False, 'cmake_force_configure': False, 'cmake_target': None, 'cmake_target_skip_unavailable': False, 'install_base': '/home/dmontiel/Desktop/Uni/Modelado/p3/rover_ws/install/msr_robot', 'merge_install': False, 'path': '/home/dmontiel/Desktop/Uni/Modelado/p3/rover_ws/src/msr_robot', 'symlink_install': True, 'test_result_base': None}
[0.464s] Level 5:colcon.colcon_core.verb:set package 'urjc_excavation_world' build argument 'cmake_args' from command line to 'None'
[0.464s] Level 5:colcon.colcon_core.verb:set package 'urjc_excavation_world' build argument 'cmake_target' from command line to 'None'
[0.464s] Level 5:colcon.colcon_core.verb:set package 'urjc_excavation_world' build argument 'cmake_target_skip_unavailable' from command line to 'False'
[0.464s] Level 5:colcon.colcon_core.verb:set package 'urjc_excavation_world' build argument 'cmake_clean_cache' from command line to 'False'
[0.464s] Level 5:colcon.colcon_core.verb:set package 'urjc_excavation_world' build argument 'cmake_clean_first' from command line to 'False'
[0.464s] Level 5:colcon.colcon_core.verb:set package 'urjc_excavation_world' build argument 'cmake_force_configure' from command line to 'False'
[0.464s] Level 5:colcon.colcon_core.verb:set package 'urjc_excavation_world' build argument 'ament_cmake_args' from command line to 'None'
[0.464s] Level 5:colcon.colcon_core.verb:set package 'urjc_excavation_world' build argument 'catkin_cmake_args' from command line to 'None'
[0.464s] Level 5:colcon.colcon_core.verb:set package 'urjc_excavation_world' build argument 'catkin_skip_building_tests' from command line to 'False'
[0.464s] DEBUG:colcon.colcon_core.verb:Building package 'urjc_excavation_world' with the following arguments: {'ament_cmake_args': None, 'build_base': '/home/dmontiel/Desktop/Uni/Modelado/p3/rover_ws/build/urjc_excavation_world', 'catkin_cmake_args': None, 'catkin_skip_building_tests': False, 'cmake_args': None, 'cmake_clean_cache': False, 'cmake_clean_first': False, 'cmake_force_configure': False, 'cmake_target': None, 'cmake_target_skip_unavailable': False, 'install_base': '/home/dmontiel/Desktop/Uni/Modelado/p3/rover_ws/install/urjc_excavation_world', 'merge_install': False, 'path': '/home/dmontiel/Desktop/Uni/Modelado/p3/rover_ws/src/urjc-excavation-world', 'symlink_install': True, 'test_result_base': None}
[0.465s] Level 5:colcon.colcon_core.verb:set package 'rover_moveit_config' build argument 'cmake_args' from command line to 'None'
[0.465s] Level 5:colcon.colcon_core.verb:set package 'rover_moveit_config' build argument 'cmake_target' from command line to 'None'
[0.465s] Level 5:colcon.colcon_core.verb:set package 'rover_moveit_config' build argument 'cmake_target_skip_unavailable' from command line to 'False'
[0.465s] Level 5:colcon.colcon_core.verb:set package 'rover_moveit_config' build argument 'cmake_clean_cache' from command line to 'False'
[0.465s] Level 5:colcon.colcon_core.verb:set package 'rover_moveit_config' build argument 'cmake_clean_first' from command line to 'False'
[0.465s] Level 5:colcon.colcon_core.verb:set package 'rover_moveit_config' build argument 'cmake_force_configure' from command line to 'False'
[0.465s] Level 5:colcon.colcon_core.verb:set package 'rover_moveit_config' build argument 'ament_cmake_args' from command line to 'None'
[0.465s] Level 5:colcon.colcon_core.verb:set package 'rover_moveit_config' build argument 'catkin_cmake_args' from command line to 'None'
[0.465s] Level 5:colcon.colcon_core.verb:set package 'rover_moveit_config' build argument 'catkin_skip_building_tests' from command line to 'False'
[0.465s] DEBUG:colcon.colcon_core.verb:Building package 'rover_moveit_config' with the following arguments: {'ament_cmake_args': None, 'build_base': '/home/dmontiel/Desktop/Uni/Modelado/p3/rover_ws/build/rover_moveit_config', 'catkin_cmake_args': None, 'catkin_skip_building_tests': False, 'cmake_args': None, 'cmake_clean_cache': False, 'cmake_clean_first': False, 'cmake_force_configure': False, 'cmake_target': None, 'cmake_target_skip_unavailable': False, 'install_base': '/home/dmontiel/Desktop/Uni/Modelado/p3/rover_ws/install/rover_moveit_config', 'merge_install': False, 'path': '/home/dmontiel/Desktop/Uni/Modelado/p3/rover_ws/src/rover_moveit_config', 'symlink_install': True, 'test_result_base': None}
[0.465s] INFO:colcon.colcon_core.executor:Executing jobs using 'parallel' executor
[0.467s] DEBUG:colcon.colcon_parallel_executor.executor.parallel:run_until_complete
[0.467s] INFO:colcon.colcon_ros.task.ament_cmake.build:Building ROS package in '/home/dmontiel/Desktop/Uni/Modelado/p3/rover_ws/src/msr_robot' with build type 'ament_cmake'
[0.468s] INFO:colcon.colcon_cmake.task.cmake.build:Building CMake package in '/home/dmontiel/Desktop/Uni/Modelado/p3/rover_ws/src/msr_robot'
[0.471s] INFO:colcon.colcon_core.plugin_system:Skipping extension 'colcon_core.shell.bat': Not used on non-Windows systems
[0.471s] INFO:colcon.colcon_core.shell:Skip shell extension 'powershell' for command environment: Not usable outside of PowerShell
[0.471s] DEBUG:colcon.colcon_core.shell:Skip shell extension 'dsv' for command environment
[0.479s] INFO:colcon.colcon_ros.task.ament_cmake.build:Building ROS package in '/home/dmontiel/Desktop/Uni/Modelado/p3/rover_ws/src/urjc-excavation-world' with build type 'ament_cmake'
[0.480s] INFO:colcon.colcon_cmake.task.cmake.build:Building CMake package in '/home/dmontiel/Desktop/Uni/Modelado/p3/rover_ws/src/urjc-excavation-world'
[0.480s] INFO:colcon.colcon_core.shell:Skip shell extension 'powershell' for command environment: Not usable outside of PowerShell
[0.480s] DEBUG:colcon.colcon_core.shell:Skip shell extension 'dsv' for command environment
[0.496s] DEBUG:colcon.colcon_core.event_handler.log_command:Invoking command in '/home/dmontiel/Desktop/Uni/Modelado/p3/rover_ws/build/msr_robot': CMAKE_PREFIX_PATH=${CMAKE_PREFIX_PATH}:/opt/ros/jazzy CONDA_PROMPT_MODIFIER=(base) DEBUGINFOD_URLS=https://debuginfod.ubuntu.com /usr/bin/cmake --build /home/dmontiel/Desktop/Uni/Modelado/p3/rover_ws/build/msr_robot -- -j16 -l16
[0.505s] DEBUG:colcon.colcon_core.event_handler.log_command:Invoking command in '/home/dmontiel/Desktop/Uni/Modelado/p3/rover_ws/build/urjc_excavation_world': CMAKE_PREFIX_PATH=${CMAKE_PREFIX_PATH}:/opt/ros/jazzy CONDA_PROMPT_MODIFIER=(base) DEBUGINFOD_URLS=https://debuginfod.ubuntu.com /usr/bin/cmake --build /home/dmontiel/Desktop/Uni/Modelado/p3/rover_ws/build/urjc_excavation_world -- -j16 -l16
[0.601s] DEBUG:colcon.colcon_core.event_handler.log_command:Invoked command in '/home/dmontiel/Desktop/Uni/Modelado/p3/rover_ws/build/urjc_excavation_world' returned '0': CMAKE_PREFIX_PATH=${CMAKE_PREFIX_PATH}:/opt/ros/jazzy CONDA_PROMPT_MODIFIER=(base) DEBUGINFOD_URLS=https://debuginfod.ubuntu.com /usr/bin/cmake --build /home/dmontiel/Desktop/Uni/Modelado/p3/rover_ws/build/urjc_excavation_world -- -j16 -l16
[0.624s] DEBUG:colcon.colcon_core.event_handler.log_command:Invoking command in '/home/dmontiel/Desktop/Uni/Modelado/p3/rover_ws/build/urjc_excavation_world': CMAKE_PREFIX_PATH=${CMAKE_PREFIX_PATH}:/opt/ros/jazzy CONDA_PROMPT_MODIFIER=(base) DEBUGINFOD_URLS=https://debuginfod.ubuntu.com /usr/bin/cmake --install /home/dmontiel/Desktop/Uni/Modelado/p3/rover_ws/build/urjc_excavation_world
[0.628s] DEBUG:colcon.colcon_core.event_handler.log_command:Invoked command in '/home/dmontiel/Desktop/Uni/Modelado/p3/rover_ws/build/msr_robot' returned '0': CMAKE_PREFIX_PATH=${CMAKE_PREFIX_PATH}:/opt/ros/jazzy CONDA_PROMPT_MODIFIER=(base) DEBUGINFOD_URLS=https://debuginfod.ubuntu.com /usr/bin/cmake --build /home/dmontiel/Desktop/Uni/Modelado/p3/rover_ws/build/msr_robot -- -j16 -l16
[0.630s] DEBUG:colcon.colcon_core.event_handler.log_command:Invoking command in '/home/dmontiel/Desktop/Uni/Modelado/p3/rover_ws/build/msr_robot': CMAKE_PREFIX_PATH=${CMAKE_PREFIX_PATH}:/opt/ros/jazzy CONDA_PROMPT_MODIFIER=(base) DEBUGINFOD_URLS=https://debuginfod.ubuntu.com /usr/bin/cmake --install /home/dmontiel/Desktop/Uni/Modelado/p3/rover_ws/build/msr_robot
[0.688s] Level 1:colcon.colcon_core.environment:create_environment_scripts_only(urjc_excavation_world)
[0.690s] DEBUG:colcon.colcon_core.event_handler.log_command:Invoked command in '/home/dmontiel/Desktop/Uni/Modelado/p3/rover_ws/build/urjc_excavation_world' returned '0': CMAKE_PREFIX_PATH=${CMAKE_PREFIX_PATH}:/opt/ros/jazzy CONDA_PROMPT_MODIFIER=(base) DEBUGINFOD_URLS=https://debuginfod.ubuntu.com /usr/bin/cmake --install /home/dmontiel/Desktop/Uni/Modelado/p3/rover_ws/build/urjc_excavation_world
[0.695s] Level 1:colcon.colcon_core.environment:checking '/home/dmontiel/Desktop/Uni/Modelado/p3/rover_ws/install/urjc_excavation_world' for CMake module files
[0.696s] Level 1:colcon.colcon_core.environment:checking '/home/dmontiel/Desktop/Uni/Modelado/p3/rover_ws/install/urjc_excavation_world' for CMake config files
[0.698s] Level 1:colcon.colcon_core.shell:create_environment_hook('urjc_excavation_world', 'cmake_prefix_path')
[0.698s] INFO:colcon.colcon_core.shell:Creating environment hook '/home/dmontiel/Desktop/Uni/Modelado/p3/rover_ws/install/urjc_excavation_world/share/urjc_excavation_world/hook/cmake_prefix_path.ps1'
[0.699s] INFO:colcon.colcon_core.shell:Creating environment descriptor '/home/dmontiel/Desktop/Uni/Modelado/p3/rover_ws/install/urjc_excavation_world/share/urjc_excavation_world/hook/cmake_prefix_path.dsv'
[0.700s] INFO:colcon.colcon_core.shell:Creating environment hook '/home/dmontiel/Desktop/Uni/Modelado/p3/rover_ws/install/urjc_excavation_world/share/urjc_excavation_world/hook/cmake_prefix_path.sh'
[0.701s] Level 1:colcon.colcon_core.environment:checking '/home/dmontiel/Desktop/Uni/Modelado/p3/rover_ws/install/urjc_excavation_world/bin'
[0.701s] Level 1:colcon.colcon_core.environment:checking '/home/dmontiel/Desktop/Uni/Modelado/p3/rover_ws/install/urjc_excavation_world/lib/pkgconfig/urjc_excavation_world.pc'
[0.702s] Level 1:colcon.colcon_core.environment:checking '/home/dmontiel/Desktop/Uni/Modelado/p3/rover_ws/install/urjc_excavation_world/lib/python3.12/site-packages'
[0.702s] Level 1:colcon.colcon_core.environment:checking '/home/dmontiel/Desktop/Uni/Modelado/p3/rover_ws/install/urjc_excavation_world/bin'
[0.702s] INFO:colcon.colcon_core.shell:Creating package script '/home/dmontiel/Desktop/Uni/Modelado/p3/rover_ws/install/urjc_excavation_world/share/urjc_excavation_world/package.ps1'
[0.704s] INFO:colcon.colcon_core.shell:Creating package descriptor '/home/dmontiel/Desktop/Uni/Modelado/p3/rover_ws/install/urjc_excavation_world/share/urjc_excavation_world/package.dsv'
[0.704s] INFO:colcon.colcon_core.shell:Creating package script '/home/dmontiel/Desktop/Uni/Modelado/p3/rover_ws/install/urjc_excavation_world/share/urjc_excavation_world/package.sh'
[0.705s] INFO:colcon.colcon_core.shell:Creating package script '/home/dmontiel/Desktop/Uni/Modelado/p3/rover_ws/install/urjc_excavation_world/share/urjc_excavation_world/package.bash'
[0.706s] INFO:colcon.colcon_core.shell:Creating package script '/home/dmontiel/Desktop/Uni/Modelado/p3/rover_ws/install/urjc_excavation_world/share/urjc_excavation_world/package.zsh'
[0.707s] Level 1:colcon.colcon_core.environment:create_file_with_runtime_dependencies(/home/dmontiel/Desktop/Uni/Modelado/p3/rover_ws/install/urjc_excavation_world/share/colcon-core/packages/urjc_excavation_world)
[0.708s] Level 1:colcon.colcon_core.environment:create_environment_scripts_only(urjc_excavation_world)
[0.708s] Level 1:colcon.colcon_core.environment:checking '/home/dmontiel/Desktop/Uni/Modelado/p3/rover_ws/install/urjc_excavation_world' for CMake module files
[0.710s] Level 1:colcon.colcon_core.environment:checking '/home/dmontiel/Desktop/Uni/Modelado/p3/rover_ws/install/urjc_excavation_world' for CMake config files
[0.711s] Level 1:colcon.colcon_core.shell:create_environment_hook('urjc_excavation_world', 'cmake_prefix_path')
[0.711s] INFO:colcon.colcon_core.shell:Creating environment hook '/home/dmontiel/Desktop/Uni/Modelado/p3/rover_ws/install/urjc_excavation_world/share/urjc_excavation_world/hook/cmake_prefix_path.ps1'
[0.712s] INFO:colcon.colcon_core.shell:Creating environment descriptor '/home/dmontiel/Desktop/Uni/Modelado/p3/rover_ws/install/urjc_excavation_world/share/urjc_excavation_world/hook/cmake_prefix_path.dsv'
[0.713s] INFO:colcon.colcon_core.shell:Creating environment hook '/home/dmontiel/Desktop/Uni/Modelado/p3/rover_ws/install/urjc_excavation_world/share/urjc_excavation_world/hook/cmake_prefix_path.sh'
[0.714s] Level 1:colcon.colcon_core.environment:checking '/home/dmontiel/Desktop/Uni/Modelado/p3/rover_ws/install/urjc_excavation_world/bin'
[0.714s] Level 1:colcon.colcon_core.environment:checking '/home/dmontiel/Desktop/Uni/Modelado/p3/rover_ws/install/urjc_excavation_world/lib/pkgconfig/urjc_excavation_world.pc'
[0.714s] Level 1:colcon.colcon_core.environment:checking '/home/dmontiel/Desktop/Uni/Modelado/p3/rover_ws/install/urjc_excavation_world/lib/python3.12/site-packages'
[0.715s] Level 1:colcon.colcon_core.environment:checking '/home/dmontiel/Desktop/Uni/Modelado/p3/rover_ws/install/urjc_excavation_world/bin'
[0.715s] INFO:colcon.colcon_core.shell:Creating package script '/home/dmontiel/Desktop/Uni/Modelado/p3/rover_ws/install/urjc_excavation_world/share/urjc_excavation_world/package.ps1'
[0.716s] INFO:colcon.colcon_core.shell:Creating package descriptor '/home/dmontiel/Desktop/Uni/Modelado/p3/rover_ws/install/urjc_excavation_world/share/urjc_excavation_world/package.dsv'
[0.717s] INFO:colcon.colcon_core.shell:Creating package script '/home/dmontiel/Desktop/Uni/Modelado/p3/rover_ws/install/urjc_excavation_world/share/urjc_excavation_world/package.sh'
[0.718s] INFO:colcon.colcon_core.shell:Creating package script '/home/dmontiel/Desktop/Uni/Modelado/p3/rover_ws/install/urjc_excavation_world/share/urjc_excavation_world/package.bash'
[0.719s] INFO:colcon.colcon_core.shell:Creating package script '/home/dmontiel/Desktop/Uni/Modelado/p3/rover_ws/install/urjc_excavation_world/share/urjc_excavation_world/package.zsh'
[0.719s] Level 1:colcon.colcon_core.environment:create_file_with_runtime_dependencies(/home/dmontiel/Desktop/Uni/Modelado/p3/rover_ws/install/urjc_excavation_world/share/colcon-core/packages/urjc_excavation_world)
[0.722s] Level 1:colcon.colcon_core.environment:create_environment_scripts_only(msr_robot)
[0.722s] Level 1:colcon.colcon_core.environment:checking '/home/dmontiel/Desktop/Uni/Modelado/p3/rover_ws/install/msr_robot' for CMake module files
[0.723s] DEBUG:colcon.colcon_core.event_handler.log_command:Invoked command in '/home/dmontiel/Desktop/Uni/Modelado/p3/rover_ws/build/msr_robot' returned '0': CMAKE_PREFIX_PATH=${CMAKE_PREFIX_PATH}:/opt/ros/jazzy CONDA_PROMPT_MODIFIER=(base) DEBUGINFOD_URLS=https://debuginfod.ubuntu.com /usr/bin/cmake --install /home/dmontiel/Desktop/Uni/Modelado/p3/rover_ws/build/msr_robot
[0.724s] Level 1:colcon.colcon_core.environment:checking '/home/dmontiel/Desktop/Uni/Modelado/p3/rover_ws/install/msr_robot' for CMake config files
[0.725s] Level 1:colcon.colcon_core.shell:create_environment_hook('msr_robot', 'cmake_prefix_path')
[0.725s] INFO:colcon.colcon_core.shell:Creating environment hook '/home/dmontiel/Desktop/Uni/Modelado/p3/rover_ws/install/msr_robot/share/msr_robot/hook/cmake_prefix_path.ps1'
[0.726s] INFO:colcon.colcon_core.shell:Creating environment descriptor '/home/dmontiel/Desktop/Uni/Modelado/p3/rover_ws/install/msr_robot/share/msr_robot/hook/cmake_prefix_path.dsv'
[0.727s] INFO:colcon.colcon_core.shell:Creating environment hook '/home/dmontiel/Desktop/Uni/Modelado/p3/rover_ws/install/msr_robot/share/msr_robot/hook/cmake_prefix_path.sh'
[0.728s] Level 1:colcon.colcon_core.environment:checking '/home/dmontiel/Desktop/Uni/Modelado/p3/rover_ws/install/msr_robot/bin'
[0.728s] Level 1:colcon.colcon_core.environment:checking '/home/dmontiel/Desktop/Uni/Modelado/p3/rover_ws/install/msr_robot/lib/pkgconfig/msr_robot.pc'
[0.729s] Level 1:colcon.colcon_core.environment:checking '/home/dmontiel/Desktop/Uni/Modelado/p3/rover_ws/install/msr_robot/lib/python3.12/site-packages'
[0.729s] Level 1:colcon.colcon_core.environment:checking '/home/dmontiel/Desktop/Uni/Modelado/p3/rover_ws/install/msr_robot/bin'
[0.729s] INFO:colcon.colcon_core.shell:Creating package script '/home/dmontiel/Desktop/Uni/Modelado/p3/rover_ws/install/msr_robot/share/msr_robot/package.ps1'
[0.730s] INFO:colcon.colcon_core.shell:Creating package descriptor '/home/dmontiel/Desktop/Uni/Modelado/p3/rover_ws/install/msr_robot/share/msr_robot/package.dsv'
[0.731s] INFO:colcon.colcon_core.shell:Creating package script '/home/dmontiel/Desktop/Uni/Modelado/p3/rover_ws/install/msr_robot/share/msr_robot/package.sh'
[0.732s] INFO:colcon.colcon_core.shell:Creating package script '/home/dmontiel/Desktop/Uni/Modelado/p3/rover_ws/install/msr_robot/share/msr_robot/package.bash'
[0.732s] INFO:colcon.colcon_core.shell:Creating package script '/home/dmontiel/Desktop/Uni/Modelado/p3/rover_ws/install/msr_robot/share/msr_robot/package.zsh'
[0.733s] Level 1:colcon.colcon_core.environment:create_file_with_runtime_dependencies(/home/dmontiel/Desktop/Uni/Modelado/p3/rover_ws/install/msr_robot/share/colcon-core/packages/msr_robot)
[0.734s] Level 1:colcon.colcon_core.environment:create_environment_scripts_only(msr_robot)
[0.734s] Level 1:colcon.colcon_core.environment:checking '/home/dmontiel/Desktop/Uni/Modelado/p3/rover_ws/install/msr_robot' for CMake module files
[0.735s] Level 1:colcon.colcon_core.environment:checking '/home/dmontiel/Desktop/Uni/Modelado/p3/rover_ws/install/msr_robot' for CMake config files
[0.736s] Level 1:colcon.colcon_core.shell:create_environment_hook('msr_robot', 'cmake_prefix_path')
[0.736s] INFO:colcon.colcon_core.shell:Creating environment hook '/home/dmontiel/Desktop/Uni/Modelado/p3/rover_ws/install/msr_robot/share/msr_robot/hook/cmake_prefix_path.ps1'
[0.737s] INFO:colcon.colcon_core.shell:Creating environment descriptor '/home/dmontiel/Desktop/Uni/Modelado/p3/rover_ws/install/msr_robot/share/msr_robot/hook/cmake_prefix_path.dsv'
[0.738s] INFO:colcon.colcon_core.shell:Creating environment hook '/home/dmontiel/Desktop/Uni/Modelado/p3/rover_ws/install/msr_robot/share/msr_robot/hook/cmake_prefix_path.sh'
[0.739s] Level 1:colcon.colcon_core.environment:checking '/home/dmontiel/Desktop/Uni/Modelado/p3/rover_ws/install/msr_robot/bin'
[0.739s] Level 1:colcon.colcon_core.environment:checking '/home/dmontiel/Desktop/Uni/Modelado/p3/rover_ws/install/msr_robot/lib/pkgconfig/msr_robot.pc'
[0.739s] Level 1:colcon.colcon_core.environment:checking '/home/dmontiel/Desktop/Uni/Modelado/p3/rover_ws/install/msr_robot/lib/python3.12/site-packages'
[0.740s] Level 1:colcon.colcon_core.environment:checking '/home/dmontiel/Desktop/Uni/Modelado/p3/rover_ws/install/msr_robot/bin'
[0.740s] INFO:colcon.colcon_core.shell:Creating package script '/home/dmontiel/Desktop/Uni/Modelado/p3/rover_ws/install/msr_robot/share/msr_robot/package.ps1'
[0.741s] INFO:colcon.colcon_core.shell:Creating package descriptor '/home/dmontiel/Desktop/Uni/Modelado/p3/rover_ws/install/msr_robot/share/msr_robot/package.dsv'
[0.742s] INFO:colcon.colcon_core.shell:Creating package script '/home/dmontiel/Desktop/Uni/Modelado/p3/rover_ws/install/msr_robot/share/msr_robot/package.sh'
[0.742s] INFO:colcon.colcon_core.shell:Creating package script '/home/dmontiel/Desktop/Uni/Modelado/p3/rover_ws/install/msr_robot/share/msr_robot/package.bash'
[0.743s] INFO:colcon.colcon_core.shell:Creating package script '/home/dmontiel/Desktop/Uni/Modelado/p3/rover_ws/install/msr_robot/share/msr_robot/package.zsh'
[0.744s] Level 1:colcon.colcon_core.environment:create_file_with_runtime_dependencies(/home/dmontiel/Desktop/Uni/Modelado/p3/rover_ws/install/msr_robot/share/colcon-core/packages/msr_robot)
[0.744s] INFO:colcon.colcon_ros.task.ament_cmake.build:Building ROS package in '/home/dmontiel/Desktop/Uni/Modelado/p3/rover_ws/src/rover_moveit_config' with build type 'ament_cmake'
[0.745s] INFO:colcon.colcon_cmake.task.cmake.build:Building CMake package in '/home/dmontiel/Desktop/Uni/Modelado/p3/rover_ws/src/rover_moveit_config'
[0.745s] INFO:colcon.colcon_core.shell:Skip shell extension 'powershell' for command environment: Not usable outside of PowerShell
[0.745s] DEBUG:colcon.colcon_core.shell:Skip shell extension 'dsv' for command environment
[0.768s] DEBUG:colcon.colcon_core.event_handler.log_command:Invoking command in '/home/dmontiel/Desktop/Uni/Modelado/p3/rover_ws/build/rover_moveit_config': CMAKE_PREFIX_PATH=/home/dmontiel/Desktop/Uni/Modelado/p3/rover_ws/install/msr_robot:/home/dmontiel/Desktop/Uni/Modelado/p3/rover_ws/install/urjc_excavation_world:/home/dmontiel/Desktop/Uni/Modelado/p3/rover_ws/install/rover_moveit_config:/opt/ros/jazzy/opt/gz_sim_vendor:/opt/ros/jazzy/opt/gz_sensors_vendor:/opt/ros/jazzy/opt/gz_physics_vendor:/opt/ros/jazzy/opt/sdformat_vendor:/opt/ros/jazzy/opt/gz_gui_vendor:/opt/ros/jazzy/opt/gz_transport_vendor:/opt/ros/jazzy/opt/gz_rendering_vendor:/opt/ros/jazzy/opt/gz_plugin_vendor:/opt/ros/jazzy/opt/gz_fuel_tools_vendor:/opt/ros/jazzy/opt/gz_msgs_vendor:/opt/ros/jazzy/opt/gz_common_vendor:/opt/ros/jazzy/opt/gz_math_vendor:/opt/ros/jazzy/opt/gz_utils_vendor:/opt/ros/jazzy/opt/gz_tools_vendor:/opt/ros/jazzy/opt/gz_ogre_next_vendor:/opt/ros/jazzy/opt/gz_dartsim_vendor:/opt/ros/jazzy/opt/gz_cmake_vendor:/opt/ros/jazzy CONDA_PROMPT_MODIFIER=(base) DEBUGINFOD_URLS=https://debuginfod.ubuntu.com /usr/bin/cmake --build /home/dmontiel/Desktop/Uni/Modelado/p3/rover_ws/build/rover_moveit_config -- -j16 -l16
[0.865s] DEBUG:colcon.colcon_core.event_handler.log_command:Invoked command in '/home/dmontiel/Desktop/Uni/Modelado/p3/rover_ws/build/rover_moveit_config' returned '0': CMAKE_PREFIX_PATH=/home/dmontiel/Desktop/Uni/Modelado/p3/rover_ws/install/msr_robot:/home/dmontiel/Desktop/Uni/Modelado/p3/rover_ws/install/urjc_excavation_world:/home/dmontiel/Desktop/Uni/Modelado/p3/rover_ws/install/rover_moveit_config:/opt/ros/jazzy/opt/gz_sim_vendor:/opt/ros/jazzy/opt/gz_sensors_vendor:/opt/ros/jazzy/opt/gz_physics_vendor:/opt/ros/jazzy/opt/sdformat_vendor:/opt/ros/jazzy/opt/gz_gui_vendor:/opt/ros/jazzy/opt/gz_transport_vendor:/opt/ros/jazzy/opt/gz_rendering_vendor:/opt/ros/jazzy/opt/gz_plugin_vendor:/opt/ros/jazzy/opt/gz_fuel_tools_vendor:/opt/ros/jazzy/opt/gz_msgs_vendor:/opt/ros/jazzy/opt/gz_common_vendor:/opt/ros/jazzy/opt/gz_math_vendor:/opt/ros/jazzy/opt/gz_utils_vendor:/opt/ros/jazzy/opt/gz_tools_vendor:/opt/ros/jazzy/opt/gz_ogre_next_vendor:/opt/ros/jazzy/opt/gz_dartsim_vendor:/opt/ros/jazzy/opt/gz_cmake_vendor:/opt/ros/jazzy CONDA_PROMPT_MODIFIER=(base) DEBUGINFOD_URLS=https://debuginfod.ubuntu.com /usr/bin/cmake --build /home/dmontiel/Desktop/Uni/Modelado/p3/rover_ws/build/rover_moveit_config -- -j16 -l16
[0.867s] DEBUG:colcon.colcon_core.event_handler.log_command:Invoking command in '/home/dmontiel/Desktop/Uni/Modelado/p3/rover_ws/build/rover_moveit_config': CMAKE_PREFIX_PATH=/home/dmontiel/Desktop/Uni/Modelado/p3/rover_ws/install/msr_robot:/home/dmontiel/Desktop/Uni/Modelado/p3/rover_ws/install/urjc_excavation_world:/home/dmontiel/Desktop/Uni/Modelado/p3/rover_ws/install/rover_moveit_config:/opt/ros/jazzy/opt/gz_sim_vendor:/opt/ros/jazzy/opt/gz_sensors_vendor:/opt/ros/jazzy/opt/gz_physics_vendor:/opt/ros/jazzy/opt/sdformat_vendor:/opt/ros/jazzy/opt/gz_gui_vendor:/opt/ros/jazzy/opt/gz_transport_vendor:/opt/ros/jazzy/opt/gz_rendering_vendor:/opt/ros/jazzy/opt/gz_plugin_vendor:/opt/ros/jazzy/opt/gz_fuel_tools_vendor:/opt/ros/jazzy/opt/gz_msgs_vendor:/opt/ros/jazzy/opt/gz_common_vendor:/opt/ros/jazzy/opt/gz_math_vendor:/opt/ros/jazzy/opt/gz_utils_vendor:/opt/ros/jazzy/opt/gz_tools_vendor:/opt/ros/jazzy/opt/gz_ogre_next_vendor:/opt/ros/jazzy/opt/gz_dartsim_vendor:/opt/ros/jazzy/opt/gz_cmake_vendor:/opt/ros/jazzy CONDA_PROMPT_MODIFIER=(base) DEBUGINFOD_URLS=https://debuginfod.ubuntu.com /usr/bin/cmake --install /home/dmontiel/Desktop/Uni/Modelado/p3/rover_ws/build/rover_moveit_config
[0.928s] Level 1:colcon.colcon_core.environment:create_environment_scripts_only(rover_moveit_config)
[0.929s] Level 1:colcon.colcon_core.environment:checking '/home/dmontiel/Desktop/Uni/Modelado/p3/rover_ws/install/rover_moveit_config' for CMake module files
[0.930s] DEBUG:colcon.colcon_core.event_handler.log_command:Invoked command in '/home/dmontiel/Desktop/Uni/Modelado/p3/rover_ws/build/rover_moveit_config' returned '0': CMAKE_PREFIX_PATH=/home/dmontiel/Desktop/Uni/Modelado/p3/rover_ws/install/msr_robot:/home/dmontiel/Desktop/Uni/Modelado/p3/rover_ws/install/urjc_excavation_world:/home/dmontiel/Desktop/Uni/Modelado/p3/rover_ws/install/rover_moveit_config:/opt/ros/jazzy/opt/gz_sim_vendor:/opt/ros/jazzy/opt/gz_sensors_vendor:/opt/ros/jazzy/opt/gz_physics_vendor:/opt/ros/jazzy/opt/sdformat_vendor:/opt/ros/jazzy/opt/gz_gui_vendor:/opt/ros/jazzy/opt/gz_transport_vendor:/opt/ros/jazzy/opt/gz_rendering_vendor:/opt/ros/jazzy/opt/gz_plugin_vendor:/opt/ros/jazzy/opt/gz_fuel_tools_vendor:/opt/ros/jazzy/opt/gz_msgs_vendor:/opt/ros/jazzy/opt/gz_common_vendor:/opt/ros/jazzy/opt/gz_math_vendor:/opt/ros/jazzy/opt/gz_utils_vendor:/opt/ros/jazzy/opt/gz_tools_vendor:/opt/ros/jazzy/opt/gz_ogre_next_vendor:/opt/ros/jazzy/opt/gz_dartsim_vendor:/opt/ros/jazzy/opt/gz_cmake_vendor:/opt/ros/jazzy CONDA_PROMPT_MODIFIER=(base) DEBUGINFOD_URLS=https://debuginfod.ubuntu.com /usr/bin/cmake --install /home/dmontiel/Desktop/Uni/Modelado/p3/rover_ws/build/rover_moveit_config
[0.931s] Level 1:colcon.colcon_core.environment:checking '/home/dmontiel/Desktop/Uni/Modelado/p3/rover_ws/install/rover_moveit_config' for CMake config files
[0.932s] Level 1:colcon.colcon_core.shell:create_environment_hook('rover_moveit_config', 'cmake_prefix_path')
[0.932s] INFO:colcon.colcon_core.shell:Creating environment hook '/home/dmontiel/Desktop/Uni/Modelado/p3/rover_ws/install/rover_moveit_config/share/rover_moveit_config/hook/cmake_prefix_path.ps1'
[0.933s] INFO:colcon.colcon_core.shell:Creating environment descriptor '/home/dmontiel/Desktop/Uni/Modelado/p3/rover_ws/install/rover_moveit_config/share/rover_moveit_config/hook/cmake_prefix_path.dsv'
[0.933s] INFO:colcon.colcon_core.shell:Creating environment hook '/home/dmontiel/Desktop/Uni/Modelado/p3/rover_ws/install/rover_moveit_config/share/rover_moveit_config/hook/cmake_prefix_path.sh'
[0.934s] Level 1:colcon.colcon_core.environment:checking '/home/dmontiel/Desktop/Uni/Modelado/p3/rover_ws/install/rover_moveit_config/bin'
[0.934s] Level 1:colcon.colcon_core.environment:checking '/home/dmontiel/Desktop/Uni/Modelado/p3/rover_ws/install/rover_moveit_config/lib/pkgconfig/rover_moveit_config.pc'
[0.935s] Level 1:colcon.colcon_core.environment:checking '/home/dmontiel/Desktop/Uni/Modelado/p3/rover_ws/install/rover_moveit_config/lib/python3.12/site-packages'
[0.935s] Level 1:colcon.colcon_core.environment:checking '/home/dmontiel/Desktop/Uni/Modelado/p3/rover_ws/install/rover_moveit_config/bin'
[0.935s] INFO:colcon.colcon_core.shell:Creating package script '/home/dmontiel/Desktop/Uni/Modelado/p3/rover_ws/install/rover_moveit_config/share/rover_moveit_config/package.ps1'
[0.936s] INFO:colcon.colcon_core.shell:Creating package descriptor '/home/dmontiel/Desktop/Uni/Modelado/p3/rover_ws/install/rover_moveit_config/share/rover_moveit_config/package.dsv'
[0.937s] INFO:colcon.colcon_core.shell:Creating package script '/home/dmontiel/Desktop/Uni/Modelado/p3/rover_ws/install/rover_moveit_config/share/rover_moveit_config/package.sh'
[0.937s] INFO:colcon.colcon_core.shell:Creating package script '/home/dmontiel/Desktop/Uni/Modelado/p3/rover_ws/install/rover_moveit_config/share/rover_moveit_config/package.bash'
[0.938s] INFO:colcon.colcon_core.shell:Creating package script '/home/dmontiel/Desktop/Uni/Modelado/p3/rover_ws/install/rover_moveit_config/share/rover_moveit_config/package.zsh'
[0.939s] Level 1:colcon.colcon_core.environment:create_file_with_runtime_dependencies(/home/dmontiel/Desktop/Uni/Modelado/p3/rover_ws/install/rover_moveit_config/share/colcon-core/packages/rover_moveit_config)
[0.939s] Level 1:colcon.colcon_core.environment:create_environment_scripts_only(rover_moveit_config)
[0.940s] Level 1:colcon.colcon_core.environment:checking '/home/dmontiel/Desktop/Uni/Modelado/p3/rover_ws/install/rover_moveit_config' for CMake module files
[0.941s] Level 1:colcon.colcon_core.environment:checking '/home/dmontiel/Desktop/Uni/Modelado/p3/rover_ws/install/rover_moveit_config' for CMake config files
[0.941s] Level 1:colcon.colcon_core.shell:create_environment_hook('rover_moveit_config', 'cmake_prefix_path')
[0.942s] INFO:colcon.colcon_core.shell:Creating environment hook '/home/dmontiel/Desktop/Uni/Modelado/p3/rover_ws/install/rover_moveit_config/share/rover_moveit_config/hook/cmake_prefix_path.ps1'
[0.942s] INFO:colcon.colcon_core.shell:Creating environment descriptor '/home/dmontiel/Desktop/Uni/Modelado/p3/rover_ws/install/rover_moveit_config/share/rover_moveit_config/hook/cmake_prefix_path.dsv'
[0.943s] INFO:colcon.colcon_core.shell:Creating environment hook '/home/dmontiel/Desktop/Uni/Modelado/p3/rover_ws/install/rover_moveit_config/share/rover_moveit_config/hook/cmake_prefix_path.sh'
[0.944s] Level 1:colcon.colcon_core.environment:checking '/home/dmontiel/Desktop/Uni/Modelado/p3/rover_ws/install/rover_moveit_config/bin'
[0.944s] Level 1:colcon.colcon_core.environment:checking '/home/dmontiel/Desktop/Uni/Modelado/p3/rover_ws/install/rover_moveit_config/lib/pkgconfig/rover_moveit_config.pc'
[0.944s] Level 1:colcon.colcon_core.environment:checking '/home/dmontiel/Desktop/Uni/Modelado/p3/rover_ws/install/rover_moveit_config/lib/python3.12/site-packages'
[0.945s] Level 1:colcon.colcon_core.environment:checking '/home/dmontiel/Desktop/Uni/Modelado/p3/rover_ws/install/rover_moveit_config/bin'
[0.945s] INFO:colcon.colcon_core.shell:Creating package script '/home/dmontiel/Desktop/Uni/Modelado/p3/rover_ws/install/rover_moveit_config/share/rover_moveit_config/package.ps1'
[0.946s] INFO:colcon.colcon_core.shell:Creating package descriptor '/home/dmontiel/Desktop/Uni/Modelado/p3/rover_ws/install/rover_moveit_config/share/rover_moveit_config/package.dsv'
[0.947s] INFO:colcon.colcon_core.shell:Creating package script '/home/dmontiel/Desktop/Uni/Modelado/p3/rover_ws/install/rover_moveit_config/share/rover_moveit_config/package.sh'
[0.948s] INFO:colcon.colcon_core.shell:Creating package script '/home/dmontiel/Desktop/Uni/Modelado/p3/rover_ws/install/rover_moveit_config/share/rover_moveit_config/package.bash'
[0.948s] INFO:colcon.colcon_core.shell:Creating package script '/home/dmontiel/Desktop/Uni/Modelado/p3/rover_ws/install/rover_moveit_config/share/rover_moveit_config/package.zsh'
[0.949s] Level 1:colcon.colcon_core.environment:create_file_with_runtime_dependencies(/home/dmontiel/Desktop/Uni/Modelado/p3/rover_ws/install/rover_moveit_config/share/colcon-core/packages/rover_moveit_config)
[0.949s] DEBUG:colcon.colcon_parallel_executor.executor.parallel:closing loop
[0.950s] DEBUG:colcon.colcon_parallel_executor.executor.parallel:loop closed
[0.950s] DEBUG:colcon.colcon_parallel_executor.executor.parallel:run_until_complete finished with '0'
[0.950s] DEBUG:colcon.colcon_core.event_reactor:joining thread
[0.960s] INFO:colcon.colcon_core.plugin_system:Skipping extension 'colcon_notification.desktop_notification.terminal_notifier': Not used on non-Darwin systems
[0.961s] INFO:colcon.colcon_core.plugin_system:Skipping extension 'colcon_notification.desktop_notification.win32': Not used on non-Windows systems
[0.961s] INFO:colcon.colcon_notification.desktop_notification:Sending desktop notification using 'notify2'
[0.976s] DEBUG:colcon.colcon_core.event_reactor:joined thread
[0.977s] INFO:colcon.colcon_core.shell:Creating prefix script '/home/dmontiel/Desktop/Uni/Modelado/p3/rover_ws/install/local_setup.ps1'
[0.978s] INFO:colcon.colcon_core.shell:Creating prefix util module '/home/dmontiel/Desktop/Uni/Modelado/p3/rover_ws/install/_local_setup_util_ps1.py'
[0.980s] INFO:colcon.colcon_core.shell:Creating prefix chain script '/home/dmontiel/Desktop/Uni/Modelado/p3/rover_ws/install/setup.ps1'
[0.982s] INFO:colcon.colcon_core.shell:Creating prefix script '/home/dmontiel/Desktop/Uni/Modelado/p3/rover_ws/install/local_setup.sh'
[0.983s] INFO:colcon.colcon_core.shell:Creating prefix util module '/home/dmontiel/Desktop/Uni/Modelado/p3/rover_ws/install/_local_setup_util_sh.py'
[0.983s] INFO:colcon.colcon_core.shell:Creating prefix chain script '/home/dmontiel/Desktop/Uni/Modelado/p3/rover_ws/install/setup.sh'
[0.985s] INFO:colcon.colcon_core.shell:Creating prefix script '/home/dmontiel/Desktop/Uni/Modelado/p3/rover_ws/install/local_setup.bash'
[0.986s] INFO:colcon.colcon_core.shell:Creating prefix chain script '/home/dmontiel/Desktop/Uni/Modelado/p3/rover_ws/install/setup.bash'
[1.012s] INFO:colcon.colcon_core.shell:Creating prefix script '/home/dmontiel/Desktop/Uni/Modelado/p3/rover_ws/install/local_setup.zsh'
[1.013s] INFO:colcon.colcon_core.shell:Creating prefix chain script '/home/dmontiel/Desktop/Uni/Modelado/p3/rover_ws/install/setup.zsh'
